# Logfile created on 2017-09-29 14:13:30 -0500 by logger.rb/47272
D, [2017-09-29T14:13:30.255080 #10058] DEBUG -- : Background Worker Class() - has started
I, [2017-09-29T14:13:36.565792 #10058]  INFO -- : {"status"=>200, "type"=>"message", "msg"=>"OK"}
I, [2017-09-29T14:13:40.629873 #10058]  INFO -- : {"status"=>200, "type"=>"message", "msg"=>"OK"}
I, [2017-09-29T14:13:44.693798 #10058]  INFO -- : {"status"=>200, "type"=>"message", "msg"=>"OK"}
I, [2017-09-29T14:13:48.757798 #10058]  INFO -- : {"status"=>200, "type"=>"message", "msg"=>"OK"}
I, [2017-09-29T14:13:52.821775 #10058]  INFO -- : {"status"=>200, "type"=>"message", "msg"=>"OK"}
I, [2017-09-29T14:13:56.889741 #10058]  INFO -- : {"status"=>200, "type"=>"message", "msg"=>"OK"}
I, [2017-09-29T14:14:00.957776 #10058]  INFO -- : {"status"=>200, "type"=>"message", "msg"=>"OK"}
I, [2017-09-29T14:14:05.021767 #10058]  INFO -- : {"status"=>200, "type"=>"message", "msg"=>"OK"}
I, [2017-09-29T14:14:09.089824 #10058]  INFO -- : {"status"=>200, "type"=>"message", "msg"=>"OK"}
I, [2017-09-29T14:14:13.158031 #10058]  INFO -- : {"status"=>200, "type"=>"message", "msg"=>"OK"}
I, [2017-09-29T14:14:17.225717 #10058]  INFO -- : {"status"=>200, "type"=>"message", "msg"=>"OK"}
I, [2017-09-29T14:14:21.297839 #10058]  INFO -- : {"status"=>200, "type"=>"message", "msg"=>"OK"}
I, [2017-09-29T14:14:25.361745 #10058]  INFO -- : {"status"=>200, "type"=>"message", "msg"=>"OK"}
I, [2017-09-29T14:14:29.425789 #10058]  INFO -- : {"status"=>200, "type"=>"message", "msg"=>"OK"}
I, [2017-09-29T14:14:33.493780 #10058]  INFO -- : {"status"=>200, "type"=>"message", "msg"=>"OK"}
I, [2017-09-29T14:14:37.561815 #10058]  INFO -- : {"status"=>200, "type"=>"message", "msg"=>"OK"}
I, [2017-09-29T14:14:41.625829 #10058]  INFO -- : {"status"=>200, "type"=>"message", "msg"=>"OK"}
I, [2017-09-29T14:14:45.697798 #10058]  INFO -- : {"status"=>200, "type"=>"message", "msg"=>"OK"}
I, [2017-09-29T14:14:49.761846 #10058]  INFO -- : {"status"=>200, "type"=>"message", "msg"=>"OK"}
I, [2017-09-29T14:14:53.833848 #10058]  INFO -- : {"status"=>200, "type"=>"message", "msg"=>"OK"}
I, [2017-09-29T14:14:57.905842 #10058]  INFO -- : {"status"=>200, "type"=>"message", "msg"=>"OK"}
I, [2017-09-29T14:15:01.973824 #10058]  INFO -- : {"status"=>200, "type"=>"message", "msg"=>"OK"}
I, [2017-09-29T14:15:06.037801 #10058]  INFO -- : {"status"=>200, "type"=>"message", "msg"=>"OK"}
I, [2017-09-29T14:15:10.105787 #10058]  INFO -- : {"status"=>200, "type"=>"message", "msg"=>"OK"}
I, [2017-09-29T14:15:14.169835 #10058]  INFO -- : {"status"=>200, "type"=>"message", "msg"=>"OK"}
I, [2017-09-29T14:15:18.233723 #10058]  INFO -- : {"status"=>200, "type"=>"message", "msg"=>"OK"}
I, [2017-09-29T14:15:22.301778 #10058]  INFO -- : {"status"=>200, "type"=>"message", "msg"=>"OK"}
I, [2017-09-29T14:15:26.369856 #10058]  INFO -- : {"status"=>200, "type"=>"message", "msg"=>"OK"}
I, [2017-09-29T14:15:30.441884 #10058]  INFO -- : {"status"=>200, "type"=>"message", "msg"=>"OK"}
I, [2017-09-29T14:15:34.510451 #10058]  INFO -- : {"status"=>200, "type"=>"message", "msg"=>"OK"}
I, [2017-09-29T14:15:38.597791 #10058]  INFO -- : {"status"=>200, "type"=>"message", "msg"=>"OK"}
I, [2017-09-29T14:15:42.661756 #10058]  INFO -- : {"status"=>200, "type"=>"message", "msg"=>"OK"}
I, [2017-09-29T14:15:46.725846 #10058]  INFO -- : {"status"=>200, "type"=>"message", "msg"=>"OK"}
I, [2017-09-29T14:15:50.793836 #10058]  INFO -- : {"status"=>200, "type"=>"message", "msg"=>"OK"}
I, [2017-09-29T14:15:54.857770 #10058]  INFO -- : {"status"=>200, "type"=>"message", "msg"=>"OK"}
I, [2017-09-29T14:15:58.929661 #10058]  INFO -- : {"status"=>200, "type"=>"message", "msg"=>"OK"}
I, [2017-09-29T14:16:02.993923 #10058]  INFO -- : {"status"=>200, "type"=>"message", "msg"=>"START", "task_id"=>"1"}
D, [2017-09-29T14:18:03.677882 #10058] DEBUG -- : /root/hashcat-3.00/hashcat64.bin -m 1000 --potfile-disable --status --status-timer=15 --outfile-format 5  --outfile control/outfiles/hc_cracked_56_5.txt control/hashes/hashfile_56_5.txt control/wordlists/SmartWordlist.txt --workload-profile 4 -s 0 -l 500000 | tee -a control/outfiles/hcoutput_56.txt
I, [2017-09-29T14:18:07.678701 #10058]  INFO -- : WORKING ON ID: 1
I, [2017-09-29T14:18:07.788452 #10058]  INFO -- : No successful cracks for this task. Skipping upload.
I, [2017-09-29T14:18:11.883163 #10058]  INFO -- : {"status"=>200, "type"=>"message", "msg"=>"START", "task_id"=>"2"}
D, [2017-09-29T14:19:01.782275 #10058] DEBUG -- : /root/hashcat-3.00/hashcat64.bin -m 1000 --potfile-disable --status --status-timer=15 --outfile-format 5  --outfile control/outfiles/hc_cracked_56_5.txt control/hashes/hashfile_56_5.txt control/wordlists/SmartWordlist.txt --workload-profile 4 -s 500000 -l 1000000 | tee -a control/outfiles/hcoutput_56.txt
I, [2017-09-29T14:19:05.782514 #10058]  INFO -- : WORKING ON ID: 2
I, [2017-09-29T14:19:05.844407 #10058]  INFO -- : No successful cracks for this task. Skipping upload.
I, [2017-09-29T14:19:09.921785 #10058]  INFO -- : {"status"=>200, "type"=>"message", "msg"=>"START", "task_id"=>"3"}
D, [2017-09-29T14:21:10.589906 #10058] DEBUG -- : /root/hashcat-3.00/hashcat64.bin -m 1000 --potfile-disable --status --status-timer=15 --outfile-format 5  --outfile control/outfiles/hc_cracked_56_5.txt control/hashes/hashfile_56_5.txt control/wordlists/SmartWordlist.txt --workload-profile 4 -s 1000000 -l 1500000 | tee -a control/outfiles/hcoutput_56.txt
I, [2017-09-29T14:21:14.590145 #10058]  INFO -- : WORKING ON ID: 3
I, [2017-09-29T14:21:14.658441 #10058]  INFO -- : No successful cracks for this task. Skipping upload.
I, [2017-09-29T14:21:18.753866 #10058]  INFO -- : {"status"=>200, "type"=>"message", "msg"=>"START", "task_id"=>"4"}
D, [2017-09-29T14:22:11.622037 #10058] DEBUG -- : /root/hashcat-3.00/hashcat64.bin -m 1000 --potfile-disable --status --status-timer=15 --outfile-format 5  --outfile control/outfiles/hc_cracked_56_5.txt control/hashes/hashfile_56_5.txt control/wordlists/SmartWordlist.txt --workload-profile 4 -s 1500000 -l 2000000 | tee -a control/outfiles/hcoutput_56.txt
I, [2017-09-29T14:22:15.622283 #10058]  INFO -- : WORKING ON ID: 4
I, [2017-09-29T14:22:15.689607 #10058]  INFO -- : No successful cracks for this task. Skipping upload.
I, [2017-09-29T14:22:19.813932 #10058]  INFO -- : {"status"=>200, "type"=>"message", "msg"=>"START", "task_id"=>"5"}
D, [2017-09-29T14:24:20.429909 #10058] DEBUG -- : /root/hashcat-3.00/hashcat64.bin -m 1000 --potfile-disable --status --status-timer=15 --outfile-format 5  --outfile control/outfiles/hc_cracked_56_5.txt control/hashes/hashfile_56_5.txt control/wordlists/SmartWordlist.txt --workload-profile 4 -s 2000000 -l 2500000 | tee -a control/outfiles/hcoutput_56.txt
I, [2017-09-29T14:24:24.430113 #10058]  INFO -- : WORKING ON ID: 5
I, [2017-09-29T14:24:28.661817 #10058]  INFO -- : {"status"=>200, "type"=>"message", "msg"=>"START", "task_id"=>"6"}
D, [2017-09-29T14:26:29.346543 #10058] DEBUG -- : /root/hashcat-3.00/hashcat64.bin -m 1000 --potfile-disable --status --status-timer=15 --outfile-format 5  --outfile control/outfiles/hc_cracked_56_5.txt control/hashes/hashfile_56_5.txt control/wordlists/SmartWordlist.txt --workload-profile 4 -s 2500000 -l 3000000 | tee -a control/outfiles/hcoutput_56.txt
I, [2017-09-29T14:26:33.347370 #10058]  INFO -- : WORKING ON ID: 6
I, [2017-09-29T14:26:37.673747 #10058]  INFO -- : {"status"=>200, "type"=>"message", "msg"=>"START", "task_id"=>"7"}
D, [2017-09-29T14:28:38.307028 #10058] DEBUG -- : /root/hashcat-3.00/hashcat64.bin -m 1000 --potfile-disable --status --status-timer=15 --outfile-format 5  --outfile control/outfiles/hc_cracked_56_5.txt control/hashes/hashfile_56_5.txt control/wordlists/SmartWordlist.txt --workload-profile 4 -s 3000000 -l 3500000 | tee -a control/outfiles/hcoutput_56.txt
I, [2017-09-29T14:28:42.307325 #10058]  INFO -- : WORKING ON ID: 7
I, [2017-09-29T14:28:46.610819 #10058]  INFO -- : {"status"=>200, "type"=>"message", "msg"=>"START", "task_id"=>"8"}
D, [2017-09-29T14:50:50.957003 #15443] DEBUG -- : Background Worker Class() - has started
I, [2017-09-29T14:51:06.557778 #15443]  INFO -- : {"status"=>200, "type"=>"message", "msg"=>"START", "task_id"=>"8"}
D, [2017-09-29T14:51:52.818032 #15443] DEBUG -- : /root/hashcat-3.00/hashcat64.bin -m 1000 --potfile-disable --status --status-timer=15 --outfile-format 5  --outfile control/outfiles/hc_cracked_56_5.txt control/hashes/hashfile_56_5.txt control/wordlists/SmartWordlist.txt --workload-profile 4 -s 3500000 -l 4000000 | tee -a control/outfiles/hcoutput_56.txt
I, [2017-09-29T14:51:56.818329 #15443]  INFO -- : WORKING ON ID: 8
I, [2017-09-29T14:52:01.049812 #15443]  INFO -- : {"status"=>200, "type"=>"message", "msg"=>"OK"}
I, [2017-09-29T14:52:05.113832 #15443]  INFO -- : {"status"=>200, "type"=>"message", "msg"=>"OK"}
I, [2017-09-29T14:52:09.177884 #15443]  INFO -- : {"status"=>200, "type"=>"message", "msg"=>"OK"}
I, [2017-09-29T14:52:13.261772 #15443]  INFO -- : {"status"=>200, "type"=>"message", "msg"=>"OK"}
I, [2017-09-29T14:52:17.329803 #15443]  INFO -- : {"status"=>200, "type"=>"message", "msg"=>"OK"}
I, [2017-09-29T14:52:21.397885 #15443]  INFO -- : {"status"=>200, "type"=>"message", "msg"=>"OK"}
I, [2017-09-29T14:52:25.461809 #15443]  INFO -- : {"status"=>200, "type"=>"message", "msg"=>"OK"}
I, [2017-09-29T14:52:29.525828 #15443]  INFO -- : {"status"=>200, "type"=>"message", "msg"=>"OK"}
I, [2017-09-29T14:52:33.589786 #15443]  INFO -- : {"status"=>200, "type"=>"message", "msg"=>"OK"}
I, [2017-09-29T14:52:37.653802 #15443]  INFO -- : {"status"=>200, "type"=>"message", "msg"=>"OK"}
I, [2017-09-29T14:52:41.717767 #15443]  INFO -- : {"status"=>200, "type"=>"message", "msg"=>"OK"}
I, [2017-09-29T14:52:45.781765 #15443]  INFO -- : {"status"=>200, "type"=>"message", "msg"=>"OK"}
I, [2017-09-29T14:52:49.845795 #15443]  INFO -- : {"status"=>200, "type"=>"message", "msg"=>"OK"}
I, [2017-09-29T14:52:53.909735 #15443]  INFO -- : {"status"=>200, "type"=>"message", "msg"=>"OK"}
I, [2017-09-29T14:52:57.977774 #15443]  INFO -- : {"status"=>200, "type"=>"message", "msg"=>"OK"}
I, [2017-09-29T14:53:02.045779 #15443]  INFO -- : {"status"=>200, "type"=>"message", "msg"=>"OK"}
I, [2017-09-29T14:53:06.109903 #15443]  INFO -- : {"status"=>200, "type"=>"message", "msg"=>"OK"}
I, [2017-09-29T14:53:10.173836 #15443]  INFO -- : {"status"=>200, "type"=>"message", "msg"=>"OK"}
I, [2017-09-29T14:53:14.237773 #15443]  INFO -- : {"status"=>200, "type"=>"message", "msg"=>"OK"}
I, [2017-09-29T14:53:18.301817 #15443]  INFO -- : {"status"=>200, "type"=>"message", "msg"=>"OK"}
I, [2017-09-29T14:53:22.365763 #15443]  INFO -- : {"status"=>200, "type"=>"message", "msg"=>"OK"}
I, [2017-09-29T14:53:26.437774 #15443]  INFO -- : {"status"=>200, "type"=>"message", "msg"=>"OK"}
I, [2017-09-29T14:53:30.505764 #15443]  INFO -- : {"status"=>200, "type"=>"message", "msg"=>"OK"}
I, [2017-09-29T14:53:34.573943 #15443]  INFO -- : {"status"=>200, "type"=>"message", "msg"=>"OK"}
I, [2017-09-29T14:53:38.641717 #15443]  INFO -- : {"status"=>200, "type"=>"message", "msg"=>"OK"}
I, [2017-09-29T14:53:42.705816 #15443]  INFO -- : {"status"=>200, "type"=>"message", "msg"=>"OK"}
I, [2017-09-29T14:53:46.772916 #15443]  INFO -- : {"status"=>200, "type"=>"message", "msg"=>"OK"}
I, [2017-09-29T14:53:50.837802 #15443]  INFO -- : {"status"=>200, "type"=>"message", "msg"=>"OK"}
I, [2017-09-29T14:53:54.902018 #15443]  INFO -- : {"status"=>200, "type"=>"message", "msg"=>"OK"}
I, [2017-09-29T14:53:58.969806 #15443]  INFO -- : {"status"=>200, "type"=>"message", "msg"=>"OK"}
I, [2017-09-29T14:54:03.038053 #15443]  INFO -- : {"status"=>200, "type"=>"message", "msg"=>"OK"}
I, [2017-09-29T14:54:07.109789 #15443]  INFO -- : {"status"=>200, "type"=>"message", "msg"=>"OK"}
I, [2017-09-29T14:54:11.173796 #15443]  INFO -- : {"status"=>200, "type"=>"message", "msg"=>"OK"}
I, [2017-09-29T14:54:15.241750 #15443]  INFO -- : {"status"=>200, "type"=>"message", "msg"=>"OK"}
I, [2017-09-29T14:54:19.305836 #15443]  INFO -- : {"status"=>200, "type"=>"message", "msg"=>"OK"}
I, [2017-09-29T14:54:23.373992 #15443]  INFO -- : {"status"=>200, "type"=>"message", "msg"=>"OK"}
I, [2017-09-29T14:54:27.437770 #15443]  INFO -- : {"status"=>200, "type"=>"message", "msg"=>"OK"}
I, [2017-09-29T14:54:31.506123 #15443]  INFO -- : {"status"=>200, "type"=>"message", "msg"=>"OK"}
I, [2017-09-29T14:54:35.578771 #15443]  INFO -- : {"status"=>200, "type"=>"message", "msg"=>"OK"}
I, [2017-09-29T14:54:39.645778 #15443]  INFO -- : {"status"=>200, "type"=>"message", "msg"=>"OK"}
I, [2017-09-29T14:54:43.710018 #15443]  INFO -- : {"status"=>200, "type"=>"message", "msg"=>"OK"}
I, [2017-09-29T14:54:47.777776 #15443]  INFO -- : {"status"=>200, "type"=>"message", "msg"=>"OK"}
I, [2017-09-29T14:54:51.842058 #15443]  INFO -- : {"status"=>200, "type"=>"message", "msg"=>"OK"}
I, [2017-09-29T14:54:55.905749 #15443]  INFO -- : {"status"=>200, "type"=>"message", "msg"=>"OK"}
I, [2017-09-29T14:54:59.990191 #15443]  INFO -- : {"status"=>200, "type"=>"message", "msg"=>"OK"}
I, [2017-09-29T14:55:04.053826 #15443]  INFO -- : {"status"=>200, "type"=>"message", "msg"=>"OK"}
I, [2017-09-29T14:55:08.117821 #15443]  INFO -- : {"status"=>200, "type"=>"message", "msg"=>"OK"}
I, [2017-09-29T14:55:12.181730 #15443]  INFO -- : {"status"=>200, "type"=>"message", "msg"=>"OK"}
I, [2017-09-29T14:55:16.245722 #15443]  INFO -- : {"status"=>200, "type"=>"message", "msg"=>"OK"}
I, [2017-09-29T14:55:20.309746 #15443]  INFO -- : {"status"=>200, "type"=>"message", "msg"=>"OK"}
I, [2017-09-29T14:55:24.373766 #15443]  INFO -- : {"status"=>200, "type"=>"message", "msg"=>"OK"}
I, [2017-09-29T14:55:28.437768 #15443]  INFO -- : {"status"=>200, "type"=>"message", "msg"=>"OK"}
I, [2017-09-29T14:55:32.505776 #15443]  INFO -- : {"status"=>200, "type"=>"message", "msg"=>"OK"}
I, [2017-09-29T14:55:36.569919 #15443]  INFO -- : {"status"=>200, "type"=>"message", "msg"=>"OK"}
I, [2017-09-29T14:55:40.633745 #15443]  INFO -- : {"status"=>200, "type"=>"message", "msg"=>"OK"}
I, [2017-09-29T14:55:44.697765 #15443]  INFO -- : {"status"=>200, "type"=>"message", "msg"=>"OK"}
I, [2017-09-29T14:55:48.765833 #15443]  INFO -- : {"status"=>200, "type"=>"message", "msg"=>"OK"}
I, [2017-09-29T14:55:52.833844 #15443]  INFO -- : {"status"=>200, "type"=>"message", "msg"=>"OK"}
I, [2017-09-29T14:55:56.913766 #15443]  INFO -- : {"status"=>200, "type"=>"message", "msg"=>"OK"}
I, [2017-09-29T14:56:00.977809 #15443]  INFO -- : {"status"=>200, "type"=>"message", "msg"=>"OK"}
I, [2017-09-29T14:56:05.041748 #15443]  INFO -- : {"status"=>200, "type"=>"message", "msg"=>"OK"}
I, [2017-09-29T14:56:09.106105 #15443]  INFO -- : {"status"=>200, "type"=>"message", "msg"=>"OK"}
I, [2017-09-29T14:56:13.169840 #15443]  INFO -- : {"status"=>200, "type"=>"message", "msg"=>"OK"}
I, [2017-09-29T14:56:17.261834 #15443]  INFO -- : {"status"=>200, "type"=>"message", "msg"=>"OK"}
I, [2017-09-29T14:56:21.325799 #15443]  INFO -- : {"status"=>200, "type"=>"message", "msg"=>"OK"}
I, [2017-09-29T14:56:25.409757 #15443]  INFO -- : {"status"=>200, "type"=>"message", "msg"=>"OK"}
I, [2017-09-29T14:56:29.473771 #15443]  INFO -- : {"status"=>200, "type"=>"message", "msg"=>"OK"}
I, [2017-09-29T14:56:33.541802 #15443]  INFO -- : {"status"=>200, "type"=>"message", "msg"=>"OK"}
I, [2017-09-29T14:56:37.605822 #15443]  INFO -- : {"status"=>200, "type"=>"message", "msg"=>"OK"}
I, [2017-09-29T14:56:41.669802 #15443]  INFO -- : {"status"=>200, "type"=>"message", "msg"=>"OK"}
I, [2017-09-29T14:56:45.741871 #15443]  INFO -- : {"status"=>200, "type"=>"message", "msg"=>"OK"}
I, [2017-09-29T14:56:49.809893 #15443]  INFO -- : {"status"=>200, "type"=>"message", "msg"=>"OK"}
I, [2017-09-29T14:56:53.873726 #15443]  INFO -- : {"status"=>200, "type"=>"message", "msg"=>"OK"}
I, [2017-09-29T14:56:57.937800 #15443]  INFO -- : {"status"=>200, "type"=>"message", "msg"=>"OK"}
I, [2017-09-29T14:57:02.001829 #15443]  INFO -- : {"status"=>200, "type"=>"message", "msg"=>"OK"}
I, [2017-09-29T14:57:06.074291 #15443]  INFO -- : {"status"=>200, "type"=>"message", "msg"=>"OK"}
I, [2017-09-29T14:57:10.137776 #15443]  INFO -- : {"status"=>200, "type"=>"message", "msg"=>"OK"}
I, [2017-09-29T14:57:14.201806 #15443]  INFO -- : {"status"=>200, "type"=>"message", "msg"=>"OK"}
I, [2017-09-29T14:57:18.269749 #15443]  INFO -- : {"status"=>200, "type"=>"message", "msg"=>"OK"}
I, [2017-09-29T14:57:22.349774 #15443]  INFO -- : {"status"=>200, "type"=>"message", "msg"=>"OK"}
I, [2017-09-29T14:57:26.413815 #15443]  INFO -- : {"status"=>200, "type"=>"message", "msg"=>"OK"}
I, [2017-09-29T14:57:30.481820 #15443]  INFO -- : {"status"=>200, "type"=>"message", "msg"=>"OK"}
I, [2017-09-29T14:57:34.549742 #15443]  INFO -- : {"status"=>200, "type"=>"message", "msg"=>"OK"}
I, [2017-09-29T14:57:38.613833 #15443]  INFO -- : {"status"=>200, "type"=>"message", "msg"=>"OK"}
I, [2017-09-29T14:57:42.677818 #15443]  INFO -- : {"status"=>200, "type"=>"message", "msg"=>"OK"}
I, [2017-09-29T14:57:46.741814 #15443]  INFO -- : {"status"=>200, "type"=>"message", "msg"=>"OK"}
I, [2017-09-29T14:57:50.814200 #15443]  INFO -- : {"status"=>200, "type"=>"message", "msg"=>"OK"}
I, [2017-09-29T14:57:54.877797 #15443]  INFO -- : {"status"=>200, "type"=>"message", "msg"=>"OK"}
I, [2017-09-29T14:57:58.941914 #15443]  INFO -- : {"status"=>200, "type"=>"message", "msg"=>"OK"}
I, [2017-09-29T14:58:03.005774 #15443]  INFO -- : {"status"=>200, "type"=>"message", "msg"=>"OK"}
I, [2017-09-29T14:58:07.073778 #15443]  INFO -- : {"status"=>200, "type"=>"message", "msg"=>"OK"}
I, [2017-09-29T14:58:11.138945 #15443]  INFO -- : {"status"=>200, "type"=>"message", "msg"=>"OK"}
I, [2017-09-29T14:58:15.225773 #15443]  INFO -- : {"status"=>200, "type"=>"message", "msg"=>"OK"}
I, [2017-09-29T14:58:19.289871 #15443]  INFO -- : {"status"=>200, "type"=>"message", "msg"=>"OK"}
I, [2017-09-29T14:58:23.353750 #15443]  INFO -- : {"status"=>200, "type"=>"message", "msg"=>"OK"}
I, [2017-09-29T14:58:27.426015 #15443]  INFO -- : {"status"=>200, "type"=>"message", "msg"=>"OK"}
I, [2017-09-29T14:58:31.489784 #15443]  INFO -- : {"status"=>200, "type"=>"message", "msg"=>"OK"}
I, [2017-09-29T14:58:35.581716 #15443]  INFO -- : {"status"=>200, "type"=>"message", "msg"=>"OK"}
I, [2017-09-29T14:58:39.645774 #15443]  INFO -- : {"status"=>200, "type"=>"message", "msg"=>"OK"}
I, [2017-09-29T14:58:43.709806 #15443]  INFO -- : {"status"=>200, "type"=>"message", "msg"=>"OK"}
I, [2017-09-29T14:58:47.777857 #15443]  INFO -- : {"status"=>200, "type"=>"message", "msg"=>"OK"}
I, [2017-09-29T14:58:51.849775 #15443]  INFO -- : {"status"=>200, "type"=>"message", "msg"=>"OK"}
I, [2017-09-29T14:58:55.913740 #15443]  INFO -- : {"status"=>200, "type"=>"message", "msg"=>"OK"}
I, [2017-09-29T14:58:59.977835 #15443]  INFO -- : {"status"=>200, "type"=>"message", "msg"=>"OK"}
I, [2017-09-29T14:59:04.045791 #15443]  INFO -- : {"status"=>200, "type"=>"message", "msg"=>"OK"}
I, [2017-09-29T14:59:08.129772 #15443]  INFO -- : {"status"=>200, "type"=>"message", "msg"=>"OK"}
I, [2017-09-29T14:59:12.205766 #15443]  INFO -- : {"status"=>200, "type"=>"message", "msg"=>"OK"}
I, [2017-09-29T14:59:16.269769 #15443]  INFO -- : {"status"=>200, "type"=>"message", "msg"=>"OK"}
I, [2017-09-29T14:59:20.333766 #15443]  INFO -- : {"status"=>200, "type"=>"message", "msg"=>"OK"}
I, [2017-09-29T14:59:24.409828 #15443]  INFO -- : {"status"=>200, "type"=>"message", "msg"=>"OK"}
I, [2017-09-29T14:59:28.485861 #15443]  INFO -- : {"status"=>200, "type"=>"message", "msg"=>"OK"}
I, [2017-09-29T14:59:32.549810 #15443]  INFO -- : {"status"=>200, "type"=>"message", "msg"=>"OK"}
I, [2017-09-29T14:59:36.617794 #15443]  INFO -- : {"status"=>200, "type"=>"message", "msg"=>"OK"}
I, [2017-09-29T14:59:40.681744 #15443]  INFO -- : {"status"=>200, "type"=>"message", "msg"=>"OK"}
I, [2017-09-29T14:59:44.745779 #15443]  INFO -- : {"status"=>200, "type"=>"message", "msg"=>"OK"}
I, [2017-09-29T14:59:48.813811 #15443]  INFO -- : {"status"=>200, "type"=>"message", "msg"=>"OK"}
I, [2017-09-29T14:59:52.877820 #15443]  INFO -- : {"status"=>200, "type"=>"message", "msg"=>"OK"}
I, [2017-09-29T14:59:56.941789 #15443]  INFO -- : {"status"=>200, "type"=>"message", "msg"=>"OK"}
I, [2017-09-29T15:00:01.009811 #15443]  INFO -- : {"status"=>200, "type"=>"message", "msg"=>"OK"}
I, [2017-09-29T15:00:05.073800 #15443]  INFO -- : {"status"=>200, "type"=>"message", "msg"=>"OK"}
I, [2017-09-29T15:00:09.169886 #15443]  INFO -- : {"status"=>200, "type"=>"message", "msg"=>"OK"}
I, [2017-09-29T15:00:13.234139 #15443]  INFO -- : {"status"=>200, "type"=>"message", "msg"=>"OK"}
I, [2017-09-29T15:00:17.301784 #15443]  INFO -- : {"status"=>200, "type"=>"message", "msg"=>"OK"}
I, [2017-09-29T15:00:21.369798 #15443]  INFO -- : {"status"=>200, "type"=>"message", "msg"=>"OK"}
I, [2017-09-29T15:00:25.441818 #15443]  INFO -- : {"status"=>200, "type"=>"message", "msg"=>"OK"}
I, [2017-09-29T15:00:29.514183 #15443]  INFO -- : {"status"=>200, "type"=>"message", "msg"=>"OK"}
I, [2017-09-29T15:00:33.581796 #15443]  INFO -- : {"status"=>200, "type"=>"message", "msg"=>"OK"}
I, [2017-09-29T15:00:37.645752 #15443]  INFO -- : {"status"=>200, "type"=>"message", "msg"=>"OK"}
I, [2017-09-29T15:00:41.709790 #15443]  INFO -- : {"status"=>200, "type"=>"message", "msg"=>"OK"}
I, [2017-09-29T15:00:45.785792 #15443]  INFO -- : {"status"=>200, "type"=>"message", "msg"=>"OK"}
I, [2017-09-29T15:00:49.853787 #15443]  INFO -- : {"status"=>200, "type"=>"message", "msg"=>"OK"}
I, [2017-09-29T15:00:53.921825 #15443]  INFO -- : {"status"=>200, "type"=>"message", "msg"=>"OK"}
I, [2017-09-29T15:00:58.025859 #15443]  INFO -- : {"status"=>200, "type"=>"message", "msg"=>"OK"}
I, [2017-09-29T15:01:02.093857 #15443]  INFO -- : {"status"=>200, "type"=>"message", "msg"=>"OK"}
I, [2017-09-29T15:01:06.157835 #15443]  INFO -- : {"status"=>200, "type"=>"message", "msg"=>"OK"}
I, [2017-09-29T15:01:10.229824 #15443]  INFO -- : {"status"=>200, "type"=>"message", "msg"=>"OK"}
I, [2017-09-29T15:01:14.293815 #15443]  INFO -- : {"status"=>200, "type"=>"message", "msg"=>"OK"}
I, [2017-09-29T15:01:18.361833 #15443]  INFO -- : {"status"=>200, "type"=>"message", "msg"=>"OK"}
I, [2017-09-29T15:01:22.429814 #15443]  INFO -- : {"status"=>200, "type"=>"message", "msg"=>"OK"}
I, [2017-09-29T15:01:26.498007 #15443]  INFO -- : {"status"=>200, "type"=>"message", "msg"=>"OK"}
I, [2017-09-29T15:01:30.569730 #15443]  INFO -- : {"status"=>200, "type"=>"message", "msg"=>"OK"}
I, [2017-09-29T15:01:34.637835 #15443]  INFO -- : {"status"=>200, "type"=>"message", "msg"=>"OK"}
I, [2017-09-29T15:01:38.705908 #15443]  INFO -- : {"status"=>200, "type"=>"message", "msg"=>"OK"}
I, [2017-09-29T15:01:42.769854 #15443]  INFO -- : {"status"=>200, "type"=>"message", "msg"=>"OK"}
I, [2017-09-29T15:01:46.838418 #15443]  INFO -- : {"status"=>200, "type"=>"message", "msg"=>"OK"}
I, [2017-09-29T15:01:50.902605 #15443]  INFO -- : {"status"=>200, "type"=>"message", "msg"=>"OK"}
I, [2017-09-29T15:01:54.969823 #15443]  INFO -- : {"status"=>200, "type"=>"message", "msg"=>"OK"}
I, [2017-09-29T15:01:59.033766 #15443]  INFO -- : {"status"=>200, "type"=>"message", "msg"=>"OK"}
I, [2017-09-29T15:02:03.097766 #15443]  INFO -- : {"status"=>200, "type"=>"message", "msg"=>"OK"}
I, [2017-09-29T15:02:07.169792 #15443]  INFO -- : {"status"=>200, "type"=>"message", "msg"=>"OK"}
I, [2017-09-29T15:02:11.233850 #15443]  INFO -- : {"status"=>200, "type"=>"message", "msg"=>"OK"}
I, [2017-09-29T15:02:15.308328 #15443]  INFO -- : {"status"=>200, "type"=>"message", "msg"=>"OK"}
I, [2017-09-29T15:02:19.374345 #15443]  INFO -- : {"status"=>200, "type"=>"message", "msg"=>"OK"}
I, [2017-09-29T15:02:23.437811 #15443]  INFO -- : {"status"=>200, "type"=>"message", "msg"=>"OK"}
I, [2017-09-29T15:02:27.505815 #15443]  INFO -- : {"status"=>200, "type"=>"message", "msg"=>"OK"}
I, [2017-09-29T15:02:31.573874 #15443]  INFO -- : {"status"=>200, "type"=>"message", "msg"=>"OK"}
I, [2017-09-29T15:02:35.658518 #15443]  INFO -- : {"status"=>200, "type"=>"message", "msg"=>"OK"}
I, [2017-09-29T15:02:39.727484 #15443]  INFO -- : {"status"=>200, "type"=>"message", "msg"=>"OK"}
I, [2017-09-29T15:02:43.794267 #15443]  INFO -- : {"status"=>200, "type"=>"message", "msg"=>"OK"}
I, [2017-09-29T15:02:47.862016 #15443]  INFO -- : {"status"=>200, "type"=>"message", "msg"=>"OK"}
I, [2017-09-29T15:02:51.933774 #15443]  INFO -- : {"status"=>200, "type"=>"message", "msg"=>"OK"}
I, [2017-09-29T15:02:56.029848 #15443]  INFO -- : {"status"=>200, "type"=>"message", "msg"=>"OK"}
I, [2017-09-29T15:03:00.098290 #15443]  INFO -- : {"status"=>200, "type"=>"message", "msg"=>"OK"}
I, [2017-09-29T15:03:04.166431 #15443]  INFO -- : {"status"=>200, "type"=>"message", "msg"=>"OK"}
I, [2017-09-29T15:03:08.249957 #15443]  INFO -- : {"status"=>200, "type"=>"message", "msg"=>"OK"}
I, [2017-09-29T15:03:12.321955 #15443]  INFO -- : {"status"=>200, "type"=>"message", "msg"=>"OK"}
I, [2017-09-29T15:03:16.389786 #15443]  INFO -- : {"status"=>200, "type"=>"message", "msg"=>"OK"}
I, [2017-09-29T15:03:20.453788 #15443]  INFO -- : {"status"=>200, "type"=>"message", "msg"=>"OK"}
I, [2017-09-29T15:03:24.517896 #15443]  INFO -- : {"status"=>200, "type"=>"message", "msg"=>"OK"}
I, [2017-09-29T15:03:28.581949 #15443]  INFO -- : {"status"=>200, "type"=>"message", "msg"=>"OK"}
I, [2017-09-29T15:03:32.650068 #15443]  INFO -- : {"status"=>200, "type"=>"message", "msg"=>"OK"}
I, [2017-09-29T15:03:36.713792 #15443]  INFO -- : {"status"=>200, "type"=>"message", "msg"=>"OK"}
I, [2017-09-29T15:03:40.781898 #15443]  INFO -- : {"status"=>200, "type"=>"message", "msg"=>"OK"}
I, [2017-09-29T15:03:44.845896 #15443]  INFO -- : {"status"=>200, "type"=>"message", "msg"=>"OK"}
I, [2017-09-29T15:03:48.909747 #15443]  INFO -- : {"status"=>200, "type"=>"message", "msg"=>"OK"}
I, [2017-09-29T15:03:52.977796 #15443]  INFO -- : {"status"=>200, "type"=>"message", "msg"=>"OK"}
I, [2017-09-29T15:03:57.045894 #15443]  INFO -- : {"status"=>200, "type"=>"message", "msg"=>"OK"}
I, [2017-09-29T15:04:01.110383 #15443]  INFO -- : {"status"=>200, "type"=>"message", "msg"=>"OK"}
I, [2017-09-29T15:04:05.189758 #15443]  INFO -- : {"status"=>200, "type"=>"message", "msg"=>"OK"}
I, [2017-09-29T15:04:09.261857 #15443]  INFO -- : {"status"=>200, "type"=>"message", "msg"=>"OK"}
I, [2017-09-29T15:04:13.325894 #15443]  INFO -- : {"status"=>200, "type"=>"message", "msg"=>"OK"}
I, [2017-09-29T15:04:17.393860 #15443]  INFO -- : {"status"=>200, "type"=>"message", "msg"=>"OK"}
I, [2017-09-29T15:04:21.457739 #15443]  INFO -- : {"status"=>200, "type"=>"message", "msg"=>"OK"}
I, [2017-09-29T15:04:25.521752 #15443]  INFO -- : {"status"=>200, "type"=>"message", "msg"=>"OK"}
I, [2017-09-29T15:04:29.601854 #15443]  INFO -- : {"status"=>200, "type"=>"message", "msg"=>"OK"}
I, [2017-09-29T15:04:33.665882 #15443]  INFO -- : {"status"=>200, "type"=>"message", "msg"=>"OK"}
I, [2017-09-29T15:04:37.729826 #15443]  INFO -- : {"status"=>200, "type"=>"message", "msg"=>"OK"}
I, [2017-09-29T15:04:41.793875 #15443]  INFO -- : {"status"=>200, "type"=>"message", "msg"=>"OK"}
I, [2017-09-29T15:04:45.857904 #15443]  INFO -- : {"status"=>200, "type"=>"message", "msg"=>"OK"}
I, [2017-09-29T15:04:49.921895 #15443]  INFO -- : {"status"=>200, "type"=>"message", "msg"=>"OK"}
I, [2017-09-29T15:04:54.009959 #15443]  INFO -- : {"status"=>200, "type"=>"message", "msg"=>"OK"}
I, [2017-09-29T15:04:58.089869 #15443]  INFO -- : {"status"=>200, "type"=>"message", "msg"=>"OK"}
I, [2017-09-29T15:05:02.157874 #15443]  INFO -- : {"status"=>200, "type"=>"message", "msg"=>"OK"}
I, [2017-09-29T15:05:06.245823 #15443]  INFO -- : {"status"=>200, "type"=>"message", "msg"=>"OK"}
I, [2017-09-29T15:05:10.309714 #15443]  INFO -- : {"status"=>200, "type"=>"message", "msg"=>"OK"}
I, [2017-09-29T15:05:14.377886 #15443]  INFO -- : {"status"=>200, "type"=>"message", "msg"=>"OK"}
I, [2017-09-29T15:05:18.442045 #15443]  INFO -- : {"status"=>200, "type"=>"message", "msg"=>"OK"}
I, [2017-09-29T15:05:22.514190 #15443]  INFO -- : {"status"=>200, "type"=>"message", "msg"=>"OK"}
I, [2017-09-29T15:05:26.590034 #15443]  INFO -- : {"status"=>200, "type"=>"message", "msg"=>"OK"}
I, [2017-09-29T15:05:30.658071 #15443]  INFO -- : {"status"=>200, "type"=>"message", "msg"=>"OK"}
I, [2017-09-29T15:05:34.725913 #15443]  INFO -- : {"status"=>200, "type"=>"message", "msg"=>"OK"}
I, [2017-09-29T15:05:38.789937 #15443]  INFO -- : {"status"=>200, "type"=>"message", "msg"=>"OK"}
I, [2017-09-29T15:05:42.874574 #15443]  INFO -- : {"status"=>200, "type"=>"message", "msg"=>"OK"}
I, [2017-09-29T15:05:46.941787 #15443]  INFO -- : {"status"=>200, "type"=>"message", "msg"=>"OK"}
I, [2017-09-29T15:05:51.026221 #15443]  INFO -- : {"status"=>200, "type"=>"message", "msg"=>"OK"}
I, [2017-09-29T15:05:55.093811 #15443]  INFO -- : {"status"=>200, "type"=>"message", "msg"=>"OK"}
I, [2017-09-29T15:05:59.162136 #15443]  INFO -- : {"status"=>200, "type"=>"message", "msg"=>"OK"}
I, [2017-09-29T15:06:03.229816 #15443]  INFO -- : {"status"=>200, "type"=>"message", "msg"=>"OK"}
I, [2017-09-29T15:06:07.297869 #15443]  INFO -- : {"status"=>200, "type"=>"message", "msg"=>"OK"}
I, [2017-09-29T15:06:11.378764 #15443]  INFO -- : {"status"=>200, "type"=>"message", "msg"=>"OK"}
I, [2017-09-29T15:06:15.462172 #15443]  INFO -- : {"status"=>200, "type"=>"message", "msg"=>"OK"}
I, [2017-09-29T15:06:19.533755 #15443]  INFO -- : {"status"=>200, "type"=>"message", "msg"=>"OK"}
I, [2017-09-29T15:06:23.614147 #15443]  INFO -- : {"status"=>200, "type"=>"message", "msg"=>"OK"}
I, [2017-09-29T15:06:27.681822 #15443]  INFO -- : {"status"=>200, "type"=>"message", "msg"=>"OK"}
I, [2017-09-29T15:06:31.745870 #15443]  INFO -- : {"status"=>200, "type"=>"message", "msg"=>"OK"}
I, [2017-09-29T15:06:35.809883 #15443]  INFO -- : {"status"=>200, "type"=>"message", "msg"=>"OK"}
I, [2017-09-29T15:06:39.885871 #15443]  INFO -- : {"status"=>200, "type"=>"message", "msg"=>"OK"}
I, [2017-09-29T15:06:43.953780 #15443]  INFO -- : {"status"=>200, "type"=>"message", "msg"=>"OK"}
I, [2017-09-29T15:06:48.017959 #15443]  INFO -- : {"status"=>200, "type"=>"message", "msg"=>"OK"}
I, [2017-09-29T15:06:52.089787 #15443]  INFO -- : {"status"=>200, "type"=>"message", "msg"=>"OK"}
I, [2017-09-29T15:06:56.153818 #15443]  INFO -- : {"status"=>200, "type"=>"message", "msg"=>"OK"}
I, [2017-09-29T15:07:00.221773 #15443]  INFO -- : {"status"=>200, "type"=>"message", "msg"=>"OK"}
I, [2017-09-29T15:07:04.286073 #15443]  INFO -- : {"status"=>200, "type"=>"message", "msg"=>"OK"}
I, [2017-09-29T15:07:08.353780 #15443]  INFO -- : {"status"=>200, "type"=>"message", "msg"=>"OK"}
I, [2017-09-29T15:07:12.421771 #15443]  INFO -- : {"status"=>200, "type"=>"message", "msg"=>"OK"}
I, [2017-09-29T15:07:16.490022 #15443]  INFO -- : {"status"=>200, "type"=>"message", "msg"=>"OK"}
I, [2017-09-29T15:07:20.573889 #15443]  INFO -- : {"status"=>200, "type"=>"message", "msg"=>"OK"}
I, [2017-09-29T15:07:24.642328 #15443]  INFO -- : {"status"=>200, "type"=>"message", "msg"=>"OK"}
I, [2017-09-29T15:07:28.705804 #15443]  INFO -- : {"status"=>200, "type"=>"message", "msg"=>"OK"}
I, [2017-09-29T15:07:32.769877 #15443]  INFO -- : {"status"=>200, "type"=>"message", "msg"=>"OK"}
I, [2017-09-29T15:07:36.845939 #15443]  INFO -- : {"status"=>200, "type"=>"message", "msg"=>"OK"}
I, [2017-09-29T15:07:40.909863 #15443]  INFO -- : {"status"=>200, "type"=>"message", "msg"=>"OK"}
I, [2017-09-29T15:07:44.981757 #15443]  INFO -- : {"status"=>200, "type"=>"message", "msg"=>"OK"}
I, [2017-09-29T15:07:49.053781 #15443]  INFO -- : {"status"=>200, "type"=>"message", "msg"=>"OK"}
I, [2017-09-29T15:07:53.121794 #15443]  INFO -- : {"status"=>200, "type"=>"message", "msg"=>"OK"}
I, [2017-09-29T15:07:57.193959 #15443]  INFO -- : {"status"=>200, "type"=>"message", "msg"=>"OK"}
I, [2017-09-29T15:08:01.257772 #15443]  INFO -- : {"status"=>200, "type"=>"message", "msg"=>"OK"}
I, [2017-09-29T15:08:05.321753 #15443]  INFO -- : {"status"=>200, "type"=>"message", "msg"=>"OK"}
I, [2017-09-29T15:08:09.389903 #15443]  INFO -- : {"status"=>200, "type"=>"message", "msg"=>"OK"}
I, [2017-09-29T15:08:13.457750 #15443]  INFO -- : {"status"=>200, "type"=>"message", "msg"=>"OK"}
I, [2017-09-29T15:08:17.525961 #15443]  INFO -- : {"status"=>200, "type"=>"message", "msg"=>"OK"}
I, [2017-09-29T15:08:21.589750 #15443]  INFO -- : {"status"=>200, "type"=>"message", "msg"=>"OK"}
I, [2017-09-29T15:08:25.654316 #15443]  INFO -- : {"status"=>200, "type"=>"message", "msg"=>"OK"}
I, [2017-09-29T15:08:29.725751 #15443]  INFO -- : {"status"=>200, "type"=>"message", "msg"=>"OK"}
I, [2017-09-29T15:08:33.793730 #15443]  INFO -- : {"status"=>200, "type"=>"message", "msg"=>"OK"}
I, [2017-09-29T15:08:37.865904 #15443]  INFO -- : {"status"=>200, "type"=>"message", "msg"=>"OK"}
I, [2017-09-29T15:08:41.930051 #15443]  INFO -- : {"status"=>200, "type"=>"message", "msg"=>"OK"}
I, [2017-09-29T15:08:45.998133 #15443]  INFO -- : {"status"=>200, "type"=>"message", "msg"=>"OK"}
I, [2017-09-29T15:08:50.065749 #15443]  INFO -- : {"status"=>200, "type"=>"message", "msg"=>"OK"}
I, [2017-09-29T15:08:54.138147 #15443]  INFO -- : {"status"=>200, "type"=>"message", "msg"=>"OK"}
I, [2017-09-29T15:08:58.205783 #15443]  INFO -- : {"status"=>200, "type"=>"message", "msg"=>"OK"}
I, [2017-09-29T15:09:02.278261 #15443]  INFO -- : {"status"=>200, "type"=>"message", "msg"=>"OK"}
I, [2017-09-29T15:09:06.347714 #15443]  INFO -- : {"status"=>200, "type"=>"message", "msg"=>"OK"}
I, [2017-09-29T15:09:10.409831 #15443]  INFO -- : {"status"=>200, "type"=>"message", "msg"=>"OK"}
I, [2017-09-29T15:09:14.474051 #15443]  INFO -- : {"status"=>200, "type"=>"message", "msg"=>"OK"}
I, [2017-09-29T15:09:18.537810 #15443]  INFO -- : {"status"=>200, "type"=>"message", "msg"=>"OK"}
I, [2017-09-29T15:09:22.605814 #15443]  INFO -- : {"status"=>200, "type"=>"message", "msg"=>"OK"}
I, [2017-09-29T15:09:26.669788 #15443]  INFO -- : {"status"=>200, "type"=>"message", "msg"=>"OK"}
I, [2017-09-29T15:09:30.734035 #15443]  INFO -- : {"status"=>200, "type"=>"message", "msg"=>"OK"}
I, [2017-09-29T15:09:34.801871 #15443]  INFO -- : {"status"=>200, "type"=>"message", "msg"=>"OK"}
I, [2017-09-29T15:09:38.870044 #15443]  INFO -- : {"status"=>200, "type"=>"message", "msg"=>"OK"}
I, [2017-09-29T15:09:42.933752 #15443]  INFO -- : {"status"=>200, "type"=>"message", "msg"=>"OK"}
I, [2017-09-29T15:09:47.013786 #15443]  INFO -- : {"status"=>200, "type"=>"message", "msg"=>"OK"}
I, [2017-09-29T15:09:51.085789 #15443]  INFO -- : {"status"=>200, "type"=>"message", "msg"=>"OK"}
I, [2017-09-29T15:09:55.153812 #15443]  INFO -- : {"status"=>200, "type"=>"message", "msg"=>"OK"}
I, [2017-09-29T15:09:59.221832 #15443]  INFO -- : {"status"=>200, "type"=>"message", "msg"=>"OK"}
I, [2017-09-29T15:10:03.285789 #15443]  INFO -- : {"status"=>200, "type"=>"message", "msg"=>"OK"}
I, [2017-09-29T15:10:07.353777 #15443]  INFO -- : {"status"=>200, "type"=>"message", "msg"=>"OK"}
I, [2017-09-29T15:10:11.421813 #15443]  INFO -- : {"status"=>200, "type"=>"message", "msg"=>"OK"}
I, [2017-09-29T15:10:15.490977 #15443]  INFO -- : {"status"=>200, "type"=>"message", "msg"=>"OK"}
I, [2017-09-29T15:10:19.557791 #15443]  INFO -- : {"status"=>200, "type"=>"message", "msg"=>"OK"}
I, [2017-09-29T15:10:23.621855 #15443]  INFO -- : {"status"=>200, "type"=>"message", "msg"=>"OK"}
I, [2017-09-29T15:10:27.685804 #15443]  INFO -- : {"status"=>200, "type"=>"message", "msg"=>"OK"}
I, [2017-09-29T15:10:31.753827 #15443]  INFO -- : {"status"=>200, "type"=>"message", "msg"=>"OK"}
I, [2017-09-29T15:10:35.821785 #15443]  INFO -- : {"status"=>200, "type"=>"message", "msg"=>"OK"}
I, [2017-09-29T15:10:39.889780 #15443]  INFO -- : {"status"=>200, "type"=>"message", "msg"=>"OK"}
I, [2017-09-29T15:10:43.953766 #15443]  INFO -- : {"status"=>200, "type"=>"message", "msg"=>"OK"}
I, [2017-09-29T15:10:48.033781 #15443]  INFO -- : {"status"=>200, "type"=>"message", "msg"=>"OK"}
I, [2017-09-29T15:10:52.097785 #15443]  INFO -- : {"status"=>200, "type"=>"message", "msg"=>"OK"}
I, [2017-09-29T15:10:56.161773 #15443]  INFO -- : {"status"=>200, "type"=>"message", "msg"=>"OK"}
I, [2017-09-29T15:11:00.229770 #15443]  INFO -- : {"status"=>200, "type"=>"message", "msg"=>"OK"}
I, [2017-09-29T15:11:04.293722 #15443]  INFO -- : {"status"=>200, "type"=>"message", "msg"=>"OK"}
I, [2017-09-29T15:11:08.357809 #15443]  INFO -- : {"status"=>200, "type"=>"message", "msg"=>"OK"}
I, [2017-09-29T15:11:12.421768 #15443]  INFO -- : {"status"=>200, "type"=>"message", "msg"=>"OK"}
I, [2017-09-29T15:11:16.510044 #15443]  INFO -- : {"status"=>200, "type"=>"message", "msg"=>"OK"}
I, [2017-09-29T15:11:20.577776 #15443]  INFO -- : {"status"=>200, "type"=>"message", "msg"=>"OK"}
I, [2017-09-29T15:11:24.645787 #15443]  INFO -- : {"status"=>200, "type"=>"message", "msg"=>"OK"}
I, [2017-09-29T15:11:28.709893 #15443]  INFO -- : {"status"=>200, "type"=>"message", "msg"=>"OK"}
I, [2017-09-29T15:11:32.777768 #15443]  INFO -- : {"status"=>200, "type"=>"message", "msg"=>"OK"}
I, [2017-09-29T15:11:36.845814 #15443]  INFO -- : {"status"=>200, "type"=>"message", "msg"=>"OK"}
I, [2017-09-29T15:11:40.909977 #15443]  INFO -- : {"status"=>200, "type"=>"message", "msg"=>"OK"}
I, [2017-09-29T15:11:44.978769 #15443]  INFO -- : {"status"=>200, "type"=>"message", "msg"=>"OK"}
I, [2017-09-29T15:11:49.046322 #15443]  INFO -- : {"status"=>200, "type"=>"message", "msg"=>"OK"}
I, [2017-09-29T15:11:53.113822 #15443]  INFO -- : {"status"=>200, "type"=>"message", "msg"=>"OK"}
I, [2017-09-29T15:11:57.181832 #15443]  INFO -- : {"status"=>200, "type"=>"message", "msg"=>"OK"}
I, [2017-09-29T15:12:01.245774 #15443]  INFO -- : {"status"=>200, "type"=>"message", "msg"=>"OK"}
I, [2017-09-29T15:12:05.313762 #15443]  INFO -- : {"status"=>200, "type"=>"message", "msg"=>"OK"}
I, [2017-09-29T15:12:09.381765 #15443]  INFO -- : {"status"=>200, "type"=>"message", "msg"=>"OK"}
I, [2017-09-29T15:12:13.449788 #15443]  INFO -- : {"status"=>200, "type"=>"message", "msg"=>"OK"}
I, [2017-09-29T15:12:17.521763 #15443]  INFO -- : {"status"=>200, "type"=>"message", "msg"=>"OK"}
I, [2017-09-29T15:12:21.585774 #15443]  INFO -- : {"status"=>200, "type"=>"message", "msg"=>"OK"}
I, [2017-09-29T15:12:25.654229 #15443]  INFO -- : {"status"=>200, "type"=>"message", "msg"=>"OK"}
I, [2017-09-29T15:12:29.721814 #15443]  INFO -- : {"status"=>200, "type"=>"message", "msg"=>"OK"}
I, [2017-09-29T15:12:33.785868 #15443]  INFO -- : {"status"=>200, "type"=>"message", "msg"=>"OK"}
I, [2017-09-29T15:12:37.853832 #15443]  INFO -- : {"status"=>200, "type"=>"message", "msg"=>"OK"}
I, [2017-09-29T15:12:41.917993 #15443]  INFO -- : {"status"=>200, "type"=>"message", "msg"=>"OK"}
I, [2017-09-29T15:12:45.981789 #15443]  INFO -- : {"status"=>200, "type"=>"message", "msg"=>"OK"}
I, [2017-09-29T15:12:50.049791 #15443]  INFO -- : {"status"=>200, "type"=>"message", "msg"=>"OK"}
I, [2017-09-29T15:12:54.125774 #15443]  INFO -- : {"status"=>200, "type"=>"message", "msg"=>"OK"}
