# Logfile created on 2017-09-29 14:13:43 -0500 by logger.rb/47272
D, [2017-09-29T14:13:43.084294 #10150] DEBUG -- : Wordlist Checksum Class() - has started
D, [2017-09-29T14:13:43.100848 #10150] DEBUG -- : Wordlist Checksum Class() - has completed
D, [2017-09-29T14:13:47.092716 #10171] DEBUG -- : Wordlist Checksum Class() - has started
D, [2017-09-29T14:13:47.097457 #10171] DEBUG -- : Wordlist Checksum Class() - has completed
D, [2017-09-29T14:13:47.102671 #10175] DEBUG -- : Wordlist Checksum Class() - has started
D, [2017-09-29T14:13:47.107595 #10175] DEBUG -- : Wordlist Checksum Class() - has completed
D, [2017-09-29T14:13:53.957556 #10212] DEBUG -- : Wordlist Checksum Class() - has started
D, [2017-09-29T14:13:53.963756 #10212] DEBUG -- : Wordlist Checksum Class() - has completed
D, [2017-09-29T14:13:54.000447 #10217] DEBUG -- : Wordlist Checksum Class() - has started
D, [2017-09-29T14:13:54.010530 #10217] DEBUG -- : Wordlist Checksum Class() - has completed
D, [2017-09-29T14:13:55.147796 #10223] DEBUG -- : Wordlist Checksum Class() - has started
D, [2017-09-29T14:13:55.156491 #10223] DEBUG -- : Wordlist Checksum Class() - has completed
D, [2017-09-29T14:14:10.165635 #10298] DEBUG -- : Wordlist Checksum Class() - has started
D, [2017-09-29T14:14:10.170080 #10298] DEBUG -- : Wordlist Checksum Class() - has completed
D, [2017-09-29T14:14:12.089230 #10311] DEBUG -- : Wordlist Checksum Class() - has started
D, [2017-09-29T14:14:12.095213 #10311] DEBUG -- : Wordlist Checksum Class() - has completed
D, [2017-09-29T14:14:12.098832 #10315] DEBUG -- : Wordlist Checksum Class() - has started
D, [2017-09-29T14:14:12.103501 #10315] DEBUG -- : Wordlist Checksum Class() - has completed
D, [2017-09-29T14:14:12.107126 #10319] DEBUG -- : Wordlist Checksum Class() - has started
D, [2017-09-29T14:14:12.120806 #10319] DEBUG -- : Wordlist Checksum Class() - has completed
D, [2017-09-29T14:14:14.001647 #10333] DEBUG -- : Wordlist Checksum Class() - has started
D, [2017-09-29T14:14:14.006084 #10333] DEBUG -- : Wordlist Checksum Class() - has completed
D, [2017-09-29T14:14:18.138775 #10353] DEBUG -- : Wordlist Checksum Class() - has started
D, [2017-09-29T14:14:18.143065 #10353] DEBUG -- : Wordlist Checksum Class() - has completed
D, [2017-09-29T14:14:29.011214 #10387] DEBUG -- : Wordlist Checksum Class() - has started
D, [2017-09-29T14:14:29.015657 #10387] DEBUG -- : Wordlist Checksum Class() - has completed
D, [2017-09-29T14:14:35.334135 #10422] DEBUG -- : Wordlist Checksum Class() - has started
D, [2017-09-29T14:14:35.339601 #10422] DEBUG -- : Wordlist Checksum Class() - has completed
D, [2017-09-29T14:14:36.304839 #10443] DEBUG -- : Wordlist Checksum Class() - has started
D, [2017-09-29T14:14:36.309851 #10443] DEBUG -- : Wordlist Checksum Class() - has completed
D, [2017-09-29T14:14:43.034549 #10471] DEBUG -- : Wordlist Checksum Class() - has started
D, [2017-09-29T14:14:43.039318 #10471] DEBUG -- : Wordlist Checksum Class() - has completed
D, [2017-09-29T14:14:43.043025 #10475] DEBUG -- : Wordlist Checksum Class() - has started
D, [2017-09-29T14:14:43.047297 #10475] DEBUG -- : Wordlist Checksum Class() - has completed
D, [2017-09-29T14:14:48.051603 #10497] DEBUG -- : Wordlist Checksum Class() - has started
D, [2017-09-29T14:14:48.057554 #10497] DEBUG -- : Wordlist Checksum Class() - has completed
D, [2017-09-29T14:14:48.061181 #10501] DEBUG -- : Wordlist Checksum Class() - has started
D, [2017-09-29T14:14:48.066047 #10501] DEBUG -- : Wordlist Checksum Class() - has completed
D, [2017-09-29T14:14:53.393516 #10520] DEBUG -- : Wordlist Checksum Class() - has started
D, [2017-09-29T14:14:53.398287 #10520] DEBUG -- : Wordlist Checksum Class() - has completed
D, [2017-09-29T14:14:58.402375 #10570] DEBUG -- : Wordlist Checksum Class() - has started
D, [2017-09-29T14:14:58.407535 #10570] DEBUG -- : Wordlist Checksum Class() - has completed
D, [2017-09-29T14:15:04.133821 #10594] DEBUG -- : Wordlist Checksum Class() - has started
D, [2017-09-29T14:15:04.138581 #10594] DEBUG -- : Wordlist Checksum Class() - has completed
D, [2017-09-29T14:15:04.349499 #10599] DEBUG -- : Wordlist Checksum Class() - has started
D, [2017-09-29T14:15:04.356417 #10599] DEBUG -- : Wordlist Checksum Class() - has completed
D, [2017-09-29T14:15:14.360725 #10667] DEBUG -- : Wordlist Checksum Class() - has started
D, [2017-09-29T14:15:14.365339 #10667] DEBUG -- : Wordlist Checksum Class() - has completed
D, [2017-09-29T14:15:14.368952 #10671] DEBUG -- : Wordlist Checksum Class() - has started
D, [2017-09-29T14:15:14.373492 #10671] DEBUG -- : Wordlist Checksum Class() - has completed
D, [2017-09-29T14:15:19.378048 #10721] DEBUG -- : Wordlist Checksum Class() - has started
D, [2017-09-29T14:15:19.382490 #10721] DEBUG -- : Wordlist Checksum Class() - has completed
D, [2017-09-29T14:15:20.172801 #10726] DEBUG -- : Wordlist Checksum Class() - has started
D, [2017-09-29T14:15:20.177321 #10726] DEBUG -- : Wordlist Checksum Class() - has completed
D, [2017-09-29T14:15:29.480138 #10785] DEBUG -- : Wordlist Checksum Class() - has started
D, [2017-09-29T14:15:29.485885 #10785] DEBUG -- : Wordlist Checksum Class() - has completed
D, [2017-09-29T14:15:29.489771 #10789] DEBUG -- : Wordlist Checksum Class() - has started
D, [2017-09-29T14:15:29.494330 #10789] DEBUG -- : Wordlist Checksum Class() - has completed
D, [2017-09-29T14:15:35.181901 #10818] DEBUG -- : Wordlist Checksum Class() - has started
D, [2017-09-29T14:15:35.186429 #10818] DEBUG -- : Wordlist Checksum Class() - has completed
D, [2017-09-29T14:15:39.490268 #10839] DEBUG -- : Wordlist Checksum Class() - has started
D, [2017-09-29T14:15:39.494505 #10839] DEBUG -- : Wordlist Checksum Class() - has completed
D, [2017-09-29T14:15:45.194739 #10862] DEBUG -- : Wordlist Checksum Class() - has started
D, [2017-09-29T14:15:45.199471 #10862] DEBUG -- : Wordlist Checksum Class() - has completed
D, [2017-09-29T14:15:50.572354 #10891] DEBUG -- : Wordlist Checksum Class() - has started
D, [2017-09-29T14:15:50.579573 #10891] DEBUG -- : Wordlist Checksum Class() - has completed
D, [2017-09-29T14:15:53.257118 #10916] DEBUG -- : Wordlist Checksum Class() - has started
D, [2017-09-29T14:15:53.261335 #10916] DEBUG -- : Wordlist Checksum Class() - has completed
D, [2017-09-29T14:15:53.265139 #10920] DEBUG -- : Wordlist Checksum Class() - has started
D, [2017-09-29T14:15:53.269928 #10920] DEBUG -- : Wordlist Checksum Class() - has completed
D, [2017-09-29T14:15:53.273495 #10924] DEBUG -- : Wordlist Checksum Class() - has started
D, [2017-09-29T14:15:53.280013 #10924] DEBUG -- : Wordlist Checksum Class() - has completed
D, [2017-09-29T14:16:00.350022 #10983] DEBUG -- : Wordlist Checksum Class() - has started
D, [2017-09-29T14:16:00.355824 #10983] DEBUG -- : Wordlist Checksum Class() - has completed
D, [2017-09-29T14:16:10.590952 #11027] DEBUG -- : Wordlist Checksum Class() - has started
D, [2017-09-29T14:16:10.596034 #11027] DEBUG -- : Wordlist Checksum Class() - has completed
D, [2017-09-29T14:16:11.571203 #11040] DEBUG -- : Wordlist Checksum Class() - has started
D, [2017-09-29T14:16:11.575705 #11040] DEBUG -- : Wordlist Checksum Class() - has completed
D, [2017-09-29T14:16:11.579177 #11044] DEBUG -- : Wordlist Checksum Class() - has started
D, [2017-09-29T14:16:11.583616 #11044] DEBUG -- : Wordlist Checksum Class() - has completed
D, [2017-09-29T14:16:15.486326 #11056] DEBUG -- : Wordlist Checksum Class() - has started
D, [2017-09-29T14:16:15.492481 #11056] DEBUG -- : Wordlist Checksum Class() - has completed
D, [2017-09-29T14:16:25.595099 #11083] DEBUG -- : Wordlist Checksum Class() - has started
D, [2017-09-29T14:16:25.600044 #11083] DEBUG -- : Wordlist Checksum Class() - has completed
D, [2017-09-29T14:16:30.619385 #11113] DEBUG -- : Wordlist Checksum Class() - has started
D, [2017-09-29T14:16:30.630713 #11124] DEBUG -- : Wordlist Checksum Class() - has started
D, [2017-09-29T14:16:30.634620 #11113] DEBUG -- : Wordlist Checksum Class() - has completed
D, [2017-09-29T14:16:30.667591 #11128] DEBUG -- : Wordlist Checksum Class() - has started
D, [2017-09-29T14:16:30.681954 #11124] DEBUG -- : Wordlist Checksum Class() - has completed
D, [2017-09-29T14:16:30.689492 #11128] DEBUG -- : Wordlist Checksum Class() - has completed
D, [2017-09-29T14:16:37.078970 #11151] DEBUG -- : Wordlist Checksum Class() - has started
D, [2017-09-29T14:16:37.085089 #11151] DEBUG -- : Wordlist Checksum Class() - has completed
D, [2017-09-29T14:16:43.678666 #11165] DEBUG -- : Wordlist Checksum Class() - has started
D, [2017-09-29T14:16:43.705902 #11165] DEBUG -- : Wordlist Checksum Class() - has completed
D, [2017-09-29T14:16:44.716086 #11170] DEBUG -- : Wordlist Checksum Class() - has started
D, [2017-09-29T14:16:44.720986 #11170] DEBUG -- : Wordlist Checksum Class() - has completed
D, [2017-09-29T14:16:48.774767 #11185] DEBUG -- : Wordlist Checksum Class() - has started
D, [2017-09-29T14:16:48.790310 #11185] DEBUG -- : Wordlist Checksum Class() - has completed
D, [2017-09-29T14:16:53.819022 #11199] DEBUG -- : Wordlist Checksum Class() - has started
D, [2017-09-29T14:16:53.835649 #11199] DEBUG -- : Wordlist Checksum Class() - has completed
D, [2017-09-29T14:16:53.860330 #11203] DEBUG -- : Wordlist Checksum Class() - has started
D, [2017-09-29T14:16:53.875083 #11203] DEBUG -- : Wordlist Checksum Class() - has completed
D, [2017-09-29T14:17:04.809030 #11260] DEBUG -- : Wordlist Checksum Class() - has started
D, [2017-09-29T14:17:04.837061 #11260] DEBUG -- : Wordlist Checksum Class() - has completed
D, [2017-09-29T14:17:07.642721 #11273] DEBUG -- : Wordlist Checksum Class() - has started
D, [2017-09-29T14:17:07.658023 #11273] DEBUG -- : Wordlist Checksum Class() - has completed
D, [2017-09-29T14:17:10.726300 #11280] DEBUG -- : Wordlist Checksum Class() - has started
D, [2017-09-29T14:17:10.746306 #11280] DEBUG -- : Wordlist Checksum Class() - has completed
D, [2017-09-29T14:17:14.870022 #11290] DEBUG -- : Wordlist Checksum Class() - has started
D, [2017-09-29T14:17:14.877231 #11290] DEBUG -- : Wordlist Checksum Class() - has completed
D, [2017-09-29T14:17:20.102610 #11303] DEBUG -- : Wordlist Checksum Class() - has started
I, [2017-09-29T14:17:20.107375 #11303]  INFO -- : generating checksum for: control/wordlists/SmartWordlist.txt
D, [2017-09-29T14:17:20.574050 #11303] DEBUG -- : Wordlist Checksum Class() - has completed
D, [2017-09-29T14:17:25.552497 #11317] DEBUG -- : Wordlist Checksum Class() - has started
D, [2017-09-29T14:17:25.559367 #11317] DEBUG -- : Wordlist Checksum Class() - has completed
D, [2017-09-29T14:17:28.116596 #11329] DEBUG -- : Wordlist Checksum Class() - has started
D, [2017-09-29T14:17:28.122630 #11329] DEBUG -- : Wordlist Checksum Class() - has completed
D, [2017-09-29T14:17:28.126362 #11333] DEBUG -- : Wordlist Checksum Class() - has started
D, [2017-09-29T14:17:28.130573 #11333] DEBUG -- : Wordlist Checksum Class() - has completed
D, [2017-09-29T14:17:33.077826 #11364] DEBUG -- : Wordlist Checksum Class() - has started
D, [2017-09-29T14:17:33.083199 #11364] DEBUG -- : Wordlist Checksum Class() - has completed
D, [2017-09-29T14:17:33.136137 #11371] DEBUG -- : Wordlist Checksum Class() - has started
D, [2017-09-29T14:17:33.141423 #11371] DEBUG -- : Wordlist Checksum Class() - has completed
D, [2017-09-29T14:17:39.107594 #11386] DEBUG -- : Wordlist Checksum Class() - has started
D, [2017-09-29T14:17:39.138737 #11386] DEBUG -- : Wordlist Checksum Class() - has completed
D, [2017-09-29T14:17:39.154817 #11391] DEBUG -- : Wordlist Checksum Class() - has started
D, [2017-09-29T14:17:39.170524 #11391] DEBUG -- : Wordlist Checksum Class() - has completed
D, [2017-09-29T14:17:49.251788 #11425] DEBUG -- : Wordlist Checksum Class() - has started
D, [2017-09-29T14:17:49.259838 #11429] DEBUG -- : Wordlist Checksum Class() - has started
D, [2017-09-29T14:17:49.260500 #11425] DEBUG -- : Wordlist Checksum Class() - has completed
D, [2017-09-29T14:17:49.265078 #11429] DEBUG -- : Wordlist Checksum Class() - has completed
D, [2017-09-29T14:17:54.264625 #11442] DEBUG -- : Wordlist Checksum Class() - has started
D, [2017-09-29T14:17:54.276287 #11442] DEBUG -- : Wordlist Checksum Class() - has completed
D, [2017-09-29T14:18:00.569905 #11462] DEBUG -- : Wordlist Checksum Class() - has started
D, [2017-09-29T14:18:00.574565 #11462] DEBUG -- : Wordlist Checksum Class() - has completed
D, [2017-09-29T14:18:03.394742 #11500] DEBUG -- : Wordlist Checksum Class() - has started
D, [2017-09-29T14:18:03.400488 #11500] DEBUG -- : Wordlist Checksum Class() - has completed
D, [2017-09-29T14:18:07.314501 #11524] DEBUG -- : Wordlist Checksum Class() - has started
D, [2017-09-29T14:18:07.319051 #11524] DEBUG -- : Wordlist Checksum Class() - has completed
D, [2017-09-29T14:18:07.323395 #11528] DEBUG -- : Wordlist Checksum Class() - has started
D, [2017-09-29T14:18:07.327792 #11528] DEBUG -- : Wordlist Checksum Class() - has completed
D, [2017-09-29T14:18:12.822695 #11570] DEBUG -- : Wordlist Checksum Class() - has started
D, [2017-09-29T14:18:12.846515 #11570] DEBUG -- : Wordlist Checksum Class() - has completed
D, [2017-09-29T14:18:13.414793 #11577] DEBUG -- : Wordlist Checksum Class() - has started
I, [2017-09-29T14:18:13.429095 #11577]  INFO -- : generating checksum for: control/wordlists/SmartWordlist.txt
D, [2017-09-29T14:18:13.431734 #11577] DEBUG -- : Wordlist Checksum Class() - has completed
D, [2017-09-29T14:18:17.860968 #11588] DEBUG -- : Wordlist Checksum Class() - has started
D, [2017-09-29T14:18:17.866946 #11588] DEBUG -- : Wordlist Checksum Class() - has completed
D, [2017-09-29T14:18:22.872532 #11600] DEBUG -- : Wordlist Checksum Class() - has started
D, [2017-09-29T14:18:22.883422 #11600] DEBUG -- : Wordlist Checksum Class() - has completed
D, [2017-09-29T14:18:22.887340 #11604] DEBUG -- : Wordlist Checksum Class() - has started
D, [2017-09-29T14:18:22.891690 #11604] DEBUG -- : Wordlist Checksum Class() - has completed
D, [2017-09-29T14:18:29.913570 #11618] DEBUG -- : Wordlist Checksum Class() - has started
D, [2017-09-29T14:18:29.918963 #11618] DEBUG -- : Wordlist Checksum Class() - has completed
D, [2017-09-29T14:18:34.447688 #11646] DEBUG -- : Wordlist Checksum Class() - has started
D, [2017-09-29T14:18:34.451916 #11646] DEBUG -- : Wordlist Checksum Class() - has completed
D, [2017-09-29T14:18:35.719607 #11654] DEBUG -- : Wordlist Checksum Class() - has started
D, [2017-09-29T14:18:35.731813 #11654] DEBUG -- : Wordlist Checksum Class() - has completed
D, [2017-09-29T14:18:42.571230 #11680] DEBUG -- : Wordlist Checksum Class() - has started
D, [2017-09-29T14:18:42.595739 #11680] DEBUG -- : Wordlist Checksum Class() - has completed
D, [2017-09-29T14:18:47.798702 #11699] DEBUG -- : Wordlist Checksum Class() - has started
D, [2017-09-29T14:18:47.810634 #11702] DEBUG -- : Wordlist Checksum Class() - has started
D, [2017-09-29T14:18:47.814428 #11699] DEBUG -- : Wordlist Checksum Class() - has completed
D, [2017-09-29T14:18:47.826916 #11702] DEBUG -- : Wordlist Checksum Class() - has completed
D, [2017-09-29T14:18:52.880871 #11714] DEBUG -- : Wordlist Checksum Class() - has started
D, [2017-09-29T14:18:52.890297 #11714] DEBUG -- : Wordlist Checksum Class() - has completed
D, [2017-09-29T14:19:00.142654 #11728] DEBUG -- : Wordlist Checksum Class() - has started
D, [2017-09-29T14:19:00.176290 #11728] DEBUG -- : Wordlist Checksum Class() - has completed
D, [2017-09-29T14:19:00.518355 #11734] DEBUG -- : Wordlist Checksum Class() - has started
I, [2017-09-29T14:19:00.523238 #11734]  INFO -- : generating checksum for: control/wordlists/SmartWordlist.txt
D, [2017-09-29T14:19:01.309079 #11734] DEBUG -- : Wordlist Checksum Class() - has completed
D, [2017-09-29T14:19:04.587211 #11783] DEBUG -- : Wordlist Checksum Class() - has started
D, [2017-09-29T14:19:04.591369 #11783] DEBUG -- : Wordlist Checksum Class() - has completed
D, [2017-09-29T14:19:05.663111 #11787] DEBUG -- : Wordlist Checksum Class() - has started
D, [2017-09-29T14:19:05.667893 #11787] DEBUG -- : Wordlist Checksum Class() - has completed
D, [2017-09-29T14:19:15.474797 #11833] DEBUG -- : Wordlist Checksum Class() - has started
D, [2017-09-29T14:19:15.487254 #11833] DEBUG -- : Wordlist Checksum Class() - has completed
D, [2017-09-29T14:19:16.865324 #11846] DEBUG -- : Wordlist Checksum Class() - has started
D, [2017-09-29T14:19:16.869543 #11846] DEBUG -- : Wordlist Checksum Class() - has completed
D, [2017-09-29T14:19:18.697724 #11851] DEBUG -- : Wordlist Checksum Class() - has started
D, [2017-09-29T14:19:18.703361 #11851] DEBUG -- : Wordlist Checksum Class() - has completed
D, [2017-09-29T14:19:24.070914 #11864] DEBUG -- : Wordlist Checksum Class() - has started
D, [2017-09-29T14:19:24.079569 #11864] DEBUG -- : Wordlist Checksum Class() - has completed
D, [2017-09-29T14:19:29.084039 #11875] DEBUG -- : Wordlist Checksum Class() - has started
D, [2017-09-29T14:19:29.088226 #11875] DEBUG -- : Wordlist Checksum Class() - has completed
D, [2017-09-29T14:19:34.094686 #11887] DEBUG -- : Wordlist Checksum Class() - has started
D, [2017-09-29T14:19:34.098971 #11887] DEBUG -- : Wordlist Checksum Class() - has completed
D, [2017-09-29T14:19:34.102814 #11891] DEBUG -- : Wordlist Checksum Class() - has started
D, [2017-09-29T14:19:34.109018 #11891] DEBUG -- : Wordlist Checksum Class() - has completed
D, [2017-09-29T14:19:39.793670 #11926] DEBUG -- : Wordlist Checksum Class() - has started
D, [2017-09-29T14:19:39.798207 #11926] DEBUG -- : Wordlist Checksum Class() - has completed
D, [2017-09-29T14:19:50.282544 #11949] DEBUG -- : Wordlist Checksum Class() - has started
D, [2017-09-29T14:19:50.291135 #11949] DEBUG -- : Wordlist Checksum Class() - has completed
D, [2017-09-29T14:19:50.337748 #11953] DEBUG -- : Wordlist Checksum Class() - has started
D, [2017-09-29T14:19:50.352007 #11953] DEBUG -- : Wordlist Checksum Class() - has completed
D, [2017-09-29T14:19:55.227247 #11966] DEBUG -- : Wordlist Checksum Class() - has started
D, [2017-09-29T14:19:55.232582 #11966] DEBUG -- : Wordlist Checksum Class() - has completed
D, [2017-09-29T14:19:55.238699 #11970] DEBUG -- : Wordlist Checksum Class() - has started
D, [2017-09-29T14:19:55.246825 #11970] DEBUG -- : Wordlist Checksum Class() - has completed
D, [2017-09-29T14:19:55.266606 #11974] DEBUG -- : Wordlist Checksum Class() - has started
D, [2017-09-29T14:19:55.271719 #11974] DEBUG -- : Wordlist Checksum Class() - has completed
D, [2017-09-29T14:20:05.357531 #12015] DEBUG -- : Wordlist Checksum Class() - has started
D, [2017-09-29T14:20:05.362999 #12015] DEBUG -- : Wordlist Checksum Class() - has completed
D, [2017-09-29T14:20:10.368908 #12041] DEBUG -- : Wordlist Checksum Class() - has started
D, [2017-09-29T14:20:10.380689 #12041] DEBUG -- : Wordlist Checksum Class() - has completed
D, [2017-09-29T14:20:14.438656 #12050] DEBUG -- : Wordlist Checksum Class() - has started
D, [2017-09-29T14:20:14.452455 #12050] DEBUG -- : Wordlist Checksum Class() - has completed
D, [2017-09-29T14:20:20.499760 #12067] DEBUG -- : Wordlist Checksum Class() - has started
D, [2017-09-29T14:20:20.508117 #12067] DEBUG -- : Wordlist Checksum Class() - has completed
D, [2017-09-29T14:20:27.714828 #12086] DEBUG -- : Wordlist Checksum Class() - has started
I, [2017-09-29T14:20:27.736376 #12086]  INFO -- : generating checksum for: control/wordlists/SmartWordlist.txt
D, [2017-09-29T14:20:28.944306 #12086] DEBUG -- : Wordlist Checksum Class() - has completed
D, [2017-09-29T14:20:29.538754 #12098] DEBUG -- : Wordlist Checksum Class() - has started
D, [2017-09-29T14:20:29.560105 #12098] DEBUG -- : Wordlist Checksum Class() - has completed
D, [2017-09-29T14:20:29.568051 #12102] DEBUG -- : Wordlist Checksum Class() - has started
D, [2017-09-29T14:20:29.573724 #12102] DEBUG -- : Wordlist Checksum Class() - has completed
D, [2017-09-29T14:20:34.567795 #12112] DEBUG -- : Wordlist Checksum Class() - has started
D, [2017-09-29T14:20:34.575431 #12112] DEBUG -- : Wordlist Checksum Class() - has completed
D, [2017-09-29T14:20:34.581114 #12116] DEBUG -- : Wordlist Checksum Class() - has started
D, [2017-09-29T14:20:34.581731 #12119] DEBUG -- : Wordlist Checksum Class() - has started
D, [2017-09-29T14:20:34.587337 #12116] DEBUG -- : Wordlist Checksum Class() - has completed
D, [2017-09-29T14:20:34.587333 #12119] DEBUG -- : Wordlist Checksum Class() - has completed
D, [2017-09-29T14:20:35.075991 #12125] DEBUG -- : Wordlist Checksum Class() - has started
D, [2017-09-29T14:20:35.081893 #12125] DEBUG -- : Wordlist Checksum Class() - has completed
D, [2017-09-29T14:20:48.076743 #12175] DEBUG -- : Wordlist Checksum Class() - has started
D, [2017-09-29T14:20:48.081028 #12175] DEBUG -- : Wordlist Checksum Class() - has completed
D, [2017-09-29T14:20:48.088296 #12180] DEBUG -- : Wordlist Checksum Class() - has started
D, [2017-09-29T14:20:48.094009 #12180] DEBUG -- : Wordlist Checksum Class() - has completed
D, [2017-09-29T14:20:48.099960 #12184] DEBUG -- : Wordlist Checksum Class() - has started
D, [2017-09-29T14:20:48.107850 #12184] DEBUG -- : Wordlist Checksum Class() - has completed
D, [2017-09-29T14:20:53.130822 #12204] DEBUG -- : Wordlist Checksum Class() - has started
D, [2017-09-29T14:20:53.148807 #12204] DEBUG -- : Wordlist Checksum Class() - has completed
D, [2017-09-29T14:20:54.798738 #12212] DEBUG -- : Wordlist Checksum Class() - has started
D, [2017-09-29T14:20:54.820002 #12212] DEBUG -- : Wordlist Checksum Class() - has completed
D, [2017-09-29T14:21:05.102994 #12235] DEBUG -- : Wordlist Checksum Class() - has started
D, [2017-09-29T14:21:05.122462 #12235] DEBUG -- : Wordlist Checksum Class() - has completed
D, [2017-09-29T14:21:10.127912 #12274] DEBUG -- : Wordlist Checksum Class() - has started
D, [2017-09-29T14:21:10.132292 #12274] DEBUG -- : Wordlist Checksum Class() - has completed
D, [2017-09-29T14:21:11.272263 #12288] DEBUG -- : Wordlist Checksum Class() - has started
D, [2017-09-29T14:21:11.276410 #12288] DEBUG -- : Wordlist Checksum Class() - has completed
D, [2017-09-29T14:21:15.136921 #12306] DEBUG -- : Wordlist Checksum Class() - has started
D, [2017-09-29T14:21:15.141632 #12306] DEBUG -- : Wordlist Checksum Class() - has completed
D, [2017-09-29T14:21:20.156937 #12346] DEBUG -- : Wordlist Checksum Class() - has started
D, [2017-09-29T14:21:20.170984 #12346] DEBUG -- : Wordlist Checksum Class() - has completed
D, [2017-09-29T14:21:25.218771 #12360] DEBUG -- : Wordlist Checksum Class() - has started
I, [2017-09-29T14:21:25.231317 #12360]  INFO -- : generating checksum for: control/wordlists/SmartWordlist.txt
D, [2017-09-29T14:21:25.235112 #12360] DEBUG -- : Wordlist Checksum Class() - has completed
D, [2017-09-29T14:21:25.240135 #12364] DEBUG -- : Wordlist Checksum Class() - has started
D, [2017-09-29T14:21:25.245445 #12364] DEBUG -- : Wordlist Checksum Class() - has completed
D, [2017-09-29T14:21:28.571991 #12377] DEBUG -- : Wordlist Checksum Class() - has started
D, [2017-09-29T14:21:28.577296 #12377] DEBUG -- : Wordlist Checksum Class() - has completed
D, [2017-09-29T14:21:35.250752 #12393] DEBUG -- : Wordlist Checksum Class() - has started
D, [2017-09-29T14:21:35.258359 #12393] DEBUG -- : Wordlist Checksum Class() - has completed
D, [2017-09-29T14:21:35.266439 #12397] DEBUG -- : Wordlist Checksum Class() - has started
D, [2017-09-29T14:21:35.270734 #12397] DEBUG -- : Wordlist Checksum Class() - has completed
D, [2017-09-29T14:21:40.274804 #12430] DEBUG -- : Wordlist Checksum Class() - has started
D, [2017-09-29T14:21:40.279037 #12430] DEBUG -- : Wordlist Checksum Class() - has completed
D, [2017-09-29T14:21:43.046131 #12443] DEBUG -- : Wordlist Checksum Class() - has started
D, [2017-09-29T14:21:43.050680 #12443] DEBUG -- : Wordlist Checksum Class() - has completed
D, [2017-09-29T14:21:45.658565 #12449] DEBUG -- : Wordlist Checksum Class() - has started
D, [2017-09-29T14:21:45.663867 #12449] DEBUG -- : Wordlist Checksum Class() - has completed
D, [2017-09-29T14:21:53.055096 #12472] DEBUG -- : Wordlist Checksum Class() - has started
D, [2017-09-29T14:21:53.059892 #12472] DEBUG -- : Wordlist Checksum Class() - has completed
D, [2017-09-29T14:21:53.687753 #12477] DEBUG -- : Wordlist Checksum Class() - has started
D, [2017-09-29T14:21:53.692487 #12477] DEBUG -- : Wordlist Checksum Class() - has completed
D, [2017-09-29T14:21:55.441524 #12484] DEBUG -- : Wordlist Checksum Class() - has started
D, [2017-09-29T14:21:55.482651 #12484] DEBUG -- : Wordlist Checksum Class() - has completed
D, [2017-09-29T14:22:10.503869 #12551] DEBUG -- : Wordlist Checksum Class() - has started
I, [2017-09-29T14:22:10.524994 #12551]  INFO -- : generating checksum for: control/wordlists/SmartWordlist.txt
D, [2017-09-29T14:22:11.558057 #12551] DEBUG -- : Wordlist Checksum Class() - has completed
D, [2017-09-29T14:22:13.062249 #12578] DEBUG -- : Wordlist Checksum Class() - has started
D, [2017-09-29T14:22:13.068031 #12578] DEBUG -- : Wordlist Checksum Class() - has completed
D, [2017-09-29T14:22:13.074182 #12582] DEBUG -- : Wordlist Checksum Class() - has started
D, [2017-09-29T14:22:13.079993 #12582] DEBUG -- : Wordlist Checksum Class() - has completed
D, [2017-09-29T14:22:18.084954 #12597] DEBUG -- : Wordlist Checksum Class() - has started
D, [2017-09-29T14:22:18.089611 #12597] DEBUG -- : Wordlist Checksum Class() - has completed
D, [2017-09-29T14:22:18.093475 #12601] DEBUG -- : Wordlist Checksum Class() - has started
D, [2017-09-29T14:22:18.097954 #12601] DEBUG -- : Wordlist Checksum Class() - has completed
D, [2017-09-29T14:22:19.602197 #12606] DEBUG -- : Wordlist Checksum Class() - has started
D, [2017-09-29T14:22:19.608164 #12606] DEBUG -- : Wordlist Checksum Class() - has completed
D, [2017-09-29T14:22:24.627441 #12644] DEBUG -- : Wordlist Checksum Class() - has started
D, [2017-09-29T14:22:24.646598 #12644] DEBUG -- : Wordlist Checksum Class() - has completed
D, [2017-09-29T14:22:29.745021 #12658] DEBUG -- : Wordlist Checksum Class() - has started
D, [2017-09-29T14:22:29.749496 #12658] DEBUG -- : Wordlist Checksum Class() - has completed
D, [2017-09-29T14:22:34.756358 #12669] DEBUG -- : Wordlist Checksum Class() - has started
D, [2017-09-29T14:22:34.770664 #12669] DEBUG -- : Wordlist Checksum Class() - has completed
D, [2017-09-29T14:22:34.784111 #12673] DEBUG -- : Wordlist Checksum Class() - has started
D, [2017-09-29T14:22:34.790162 #12673] DEBUG -- : Wordlist Checksum Class() - has completed
D, [2017-09-29T14:22:40.150354 #12704] DEBUG -- : Wordlist Checksum Class() - has started
D, [2017-09-29T14:22:40.155049 #12704] DEBUG -- : Wordlist Checksum Class() - has completed
D, [2017-09-29T14:22:41.809586 #12717] DEBUG -- : Wordlist Checksum Class() - has started
D, [2017-09-29T14:22:41.813914 #12717] DEBUG -- : Wordlist Checksum Class() - has completed
D, [2017-09-29T14:22:41.818158 #12721] DEBUG -- : Wordlist Checksum Class() - has started
D, [2017-09-29T14:22:41.823439 #12721] DEBUG -- : Wordlist Checksum Class() - has completed
D, [2017-09-29T14:22:52.849745 #12737] DEBUG -- : Wordlist Checksum Class() - has started
D, [2017-09-29T14:22:52.854635 #12737] DEBUG -- : Wordlist Checksum Class() - has completed
D, [2017-09-29T14:22:54.280062 #12745] DEBUG -- : Wordlist Checksum Class() - has started
D, [2017-09-29T14:22:54.284451 #12745] DEBUG -- : Wordlist Checksum Class() - has completed
D, [2017-09-29T14:22:59.942689 #12760] DEBUG -- : Wordlist Checksum Class() - has started
D, [2017-09-29T14:22:59.958068 #12760] DEBUG -- : Wordlist Checksum Class() - has completed
D, [2017-09-29T14:23:02.356027 #12774] DEBUG -- : Wordlist Checksum Class() - has started
D, [2017-09-29T14:23:02.360627 #12774] DEBUG -- : Wordlist Checksum Class() - has completed
D, [2017-09-29T14:23:02.364396 #12778] DEBUG -- : Wordlist Checksum Class() - has started
D, [2017-09-29T14:23:02.371789 #12778] DEBUG -- : Wordlist Checksum Class() - has completed
D, [2017-09-29T14:23:09.973536 #12808] DEBUG -- : Wordlist Checksum Class() - has started
D, [2017-09-29T14:23:09.989672 #12808] DEBUG -- : Wordlist Checksum Class() - has completed
D, [2017-09-29T14:23:15.165682 #12828] DEBUG -- : Wordlist Checksum Class() - has started
D, [2017-09-29T14:23:15.171314 #12828] DEBUG -- : Wordlist Checksum Class() - has completed
D, [2017-09-29T14:23:15.176187 #12832] DEBUG -- : Wordlist Checksum Class() - has started
D, [2017-09-29T14:23:15.180670 #12832] DEBUG -- : Wordlist Checksum Class() - has completed
D, [2017-09-29T14:23:18.123440 #12850] DEBUG -- : Wordlist Checksum Class() - has started
D, [2017-09-29T14:23:18.128558 #12850] DEBUG -- : Wordlist Checksum Class() - has completed
D, [2017-09-29T14:23:30.359738 #12883] DEBUG -- : Wordlist Checksum Class() - has started
I, [2017-09-29T14:23:30.365018 #12883]  INFO -- : generating checksum for: control/wordlists/SmartWordlist.txt
D, [2017-09-29T14:23:31.232631 #12883] DEBUG -- : Wordlist Checksum Class() - has completed
D, [2017-09-29T14:23:34.276617 #12895] DEBUG -- : Wordlist Checksum Class() - has started
D, [2017-09-29T14:23:34.280907 #12895] DEBUG -- : Wordlist Checksum Class() - has completed
D, [2017-09-29T14:23:34.285190 #12899] DEBUG -- : Wordlist Checksum Class() - has started
D, [2017-09-29T14:23:34.289533 #12899] DEBUG -- : Wordlist Checksum Class() - has completed
D, [2017-09-29T14:23:39.294042 #12912] DEBUG -- : Wordlist Checksum Class() - has started
D, [2017-09-29T14:23:39.298822 #12912] DEBUG -- : Wordlist Checksum Class() - has completed
D, [2017-09-29T14:23:39.303661 #12916] DEBUG -- : Wordlist Checksum Class() - has started
D, [2017-09-29T14:23:39.308610 #12916] DEBUG -- : Wordlist Checksum Class() - has completed
D, [2017-09-29T14:23:40.279502 #12921] DEBUG -- : Wordlist Checksum Class() - has started
D, [2017-09-29T14:23:40.284363 #12921] DEBUG -- : Wordlist Checksum Class() - has completed
D, [2017-09-29T14:23:45.077873 #12954] DEBUG -- : Wordlist Checksum Class() - has started
D, [2017-09-29T14:23:45.083159 #12954] DEBUG -- : Wordlist Checksum Class() - has completed
D, [2017-09-29T14:23:55.289796 #12971] DEBUG -- : Wordlist Checksum Class() - has started
D, [2017-09-29T14:23:55.295288 #12971] DEBUG -- : Wordlist Checksum Class() - has completed
D, [2017-09-29T14:23:58.108246 #12986] DEBUG -- : Wordlist Checksum Class() - has started
D, [2017-09-29T14:23:58.116138 #12986] DEBUG -- : Wordlist Checksum Class() - has completed
D, [2017-09-29T14:23:58.122052 #12990] DEBUG -- : Wordlist Checksum Class() - has started
D, [2017-09-29T14:23:58.127035 #12990] DEBUG -- : Wordlist Checksum Class() - has completed
D, [2017-09-29T14:24:03.135897 #13005] DEBUG -- : Wordlist Checksum Class() - has started
D, [2017-09-29T14:24:03.149831 #13005] DEBUG -- : Wordlist Checksum Class() - has completed
D, [2017-09-29T14:24:10.322822 #13022] DEBUG -- : Wordlist Checksum Class() - has started
D, [2017-09-29T14:24:10.339693 #13022] DEBUG -- : Wordlist Checksum Class() - has completed
D, [2017-09-29T14:24:13.885099 #13053] DEBUG -- : Wordlist Checksum Class() - has started
D, [2017-09-29T14:24:13.890782 #13053] DEBUG -- : Wordlist Checksum Class() - has completed
D, [2017-09-29T14:24:15.344148 #13060] DEBUG -- : Wordlist Checksum Class() - has started
D, [2017-09-29T14:24:15.348733 #13060] DEBUG -- : Wordlist Checksum Class() - has completed
D, [2017-09-29T14:24:20.345026 #13074] DEBUG -- : Wordlist Checksum Class() - has started
D, [2017-09-29T14:24:20.351125 #13074] DEBUG -- : Wordlist Checksum Class() - has completed
D, [2017-09-29T14:24:20.353594 #13078] DEBUG -- : Wordlist Checksum Class() - has started
D, [2017-09-29T14:24:20.363186 #13078] DEBUG -- : Wordlist Checksum Class() - has completed
D, [2017-09-29T14:24:30.374892 #13141] DEBUG -- : Wordlist Checksum Class() - has started
I, [2017-09-29T14:24:30.391561 #13141]  INFO -- : generating checksum for: control/wordlists/SmartWordlist.txt
D, [2017-09-29T14:24:30.398832 #13144] DEBUG -- : Wordlist Checksum Class() - has started
I, [2017-09-29T14:24:30.415778 #13144]  INFO -- : generating checksum for: control/wordlists/SmartWordlist.txt
D, [2017-09-29T14:24:31.618036 #13141] DEBUG -- : Wordlist Checksum Class() - has completed
D, [2017-09-29T14:24:31.739608 #13144] DEBUG -- : Wordlist Checksum Class() - has completed
D, [2017-09-29T14:24:34.538819 #13157] DEBUG -- : Wordlist Checksum Class() - has started
D, [2017-09-29T14:24:34.551617 #13157] DEBUG -- : Wordlist Checksum Class() - has completed
D, [2017-09-29T14:24:40.592299 #13169] DEBUG -- : Wordlist Checksum Class() - has started
D, [2017-09-29T14:24:40.598537 #13169] DEBUG -- : Wordlist Checksum Class() - has completed
D, [2017-09-29T14:24:45.603108 #13201] DEBUG -- : Wordlist Checksum Class() - has started
D, [2017-09-29T14:24:45.607462 #13201] DEBUG -- : Wordlist Checksum Class() - has completed
D, [2017-09-29T14:24:48.942372 #13214] DEBUG -- : Wordlist Checksum Class() - has started
D, [2017-09-29T14:24:48.950190 #13214] DEBUG -- : Wordlist Checksum Class() - has completed
D, [2017-09-29T14:24:48.954211 #13218] DEBUG -- : Wordlist Checksum Class() - has started
D, [2017-09-29T14:24:48.961866 #13218] DEBUG -- : Wordlist Checksum Class() - has completed
D, [2017-09-29T14:24:49.510620 #13224] DEBUG -- : Wordlist Checksum Class() - has started
D, [2017-09-29T14:24:49.515402 #13224] DEBUG -- : Wordlist Checksum Class() - has completed
D, [2017-09-29T14:24:53.982727 #13232] DEBUG -- : Wordlist Checksum Class() - has started
D, [2017-09-29T14:24:53.987334 #13232] DEBUG -- : Wordlist Checksum Class() - has completed
D, [2017-09-29T14:24:54.466753 #13239] DEBUG -- : Wordlist Checksum Class() - has started
D, [2017-09-29T14:24:54.471776 #13239] DEBUG -- : Wordlist Checksum Class() - has completed
D, [2017-09-29T14:25:03.744760 #13259] DEBUG -- : Wordlist Checksum Class() - has started
D, [2017-09-29T14:25:03.750219 #13259] DEBUG -- : Wordlist Checksum Class() - has completed
D, [2017-09-29T14:25:08.181239 #13272] DEBUG -- : Wordlist Checksum Class() - has started
D, [2017-09-29T14:25:08.185532 #13272] DEBUG -- : Wordlist Checksum Class() - has completed
D, [2017-09-29T14:25:08.189803 #13276] DEBUG -- : Wordlist Checksum Class() - has started
D, [2017-09-29T14:25:08.194208 #13276] DEBUG -- : Wordlist Checksum Class() - has completed
D, [2017-09-29T14:25:13.320994 #13299] DEBUG -- : Wordlist Checksum Class() - has started
D, [2017-09-29T14:25:13.411341 #13299] DEBUG -- : Wordlist Checksum Class() - has completed
D, [2017-09-29T14:25:18.861856 #13326] DEBUG -- : Wordlist Checksum Class() - has started
D, [2017-09-29T14:25:18.868218 #13326] DEBUG -- : Wordlist Checksum Class() - has completed
D, [2017-09-29T14:25:19.677189 #13331] DEBUG -- : Wordlist Checksum Class() - has started
D, [2017-09-29T14:25:19.682623 #13331] DEBUG -- : Wordlist Checksum Class() - has completed
D, [2017-09-29T14:25:22.752960 #13343] DEBUG -- : Wordlist Checksum Class() - has started
D, [2017-09-29T14:25:22.757637 #13343] DEBUG -- : Wordlist Checksum Class() - has completed
D, [2017-09-29T14:25:29.779081 #13364] DEBUG -- : Wordlist Checksum Class() - has started
D, [2017-09-29T14:25:29.783800 #13364] DEBUG -- : Wordlist Checksum Class() - has completed
D, [2017-09-29T14:25:33.912877 #13378] DEBUG -- : Wordlist Checksum Class() - has started
D, [2017-09-29T14:25:33.947761 #13378] DEBUG -- : Wordlist Checksum Class() - has completed
D, [2017-09-29T14:25:33.958806 #13383] DEBUG -- : Wordlist Checksum Class() - has started
D, [2017-09-29T14:25:33.974441 #13383] DEBUG -- : Wordlist Checksum Class() - has completed
D, [2017-09-29T14:25:39.038926 #13394] DEBUG -- : Wordlist Checksum Class() - has started
D, [2017-09-29T14:25:39.059680 #13394] DEBUG -- : Wordlist Checksum Class() - has completed
D, [2017-09-29T14:25:44.689863 #13431] DEBUG -- : Wordlist Checksum Class() - has started
I, [2017-09-29T14:25:44.696686 #13431]  INFO -- : generating checksum for: control/wordlists/SmartWordlist.txt
D, [2017-09-29T14:25:45.204194 #13431] DEBUG -- : Wordlist Checksum Class() - has completed
D, [2017-09-29T14:25:54.765548 #13452] DEBUG -- : Wordlist Checksum Class() - has started
D, [2017-09-29T14:25:54.770906 #13452] DEBUG -- : Wordlist Checksum Class() - has completed
D, [2017-09-29T14:25:54.774851 #13456] DEBUG -- : Wordlist Checksum Class() - has started
D, [2017-09-29T14:25:54.779506 #13456] DEBUG -- : Wordlist Checksum Class() - has completed
D, [2017-09-29T14:25:54.783557 #13460] DEBUG -- : Wordlist Checksum Class() - has started
D, [2017-09-29T14:25:54.788736 #13460] DEBUG -- : Wordlist Checksum Class() - has completed
D, [2017-09-29T14:25:59.794232 #13471] DEBUG -- : Wordlist Checksum Class() - has started
D, [2017-09-29T14:25:59.806199 #13471] DEBUG -- : Wordlist Checksum Class() - has completed
D, [2017-09-29T14:26:03.858602 #13484] DEBUG -- : Wordlist Checksum Class() - has started
D, [2017-09-29T14:26:03.865407 #13484] DEBUG -- : Wordlist Checksum Class() - has completed
D, [2017-09-29T14:26:10.587340 #13500] DEBUG -- : Wordlist Checksum Class() - has started
D, [2017-09-29T14:26:10.605807 #13500] DEBUG -- : Wordlist Checksum Class() - has completed
D, [2017-09-29T14:26:11.938814 #13505] DEBUG -- : Wordlist Checksum Class() - has started
D, [2017-09-29T14:26:11.949806 #13505] DEBUG -- : Wordlist Checksum Class() - has completed
D, [2017-09-29T14:26:19.016366 #13547] DEBUG -- : Wordlist Checksum Class() - has started
D, [2017-09-29T14:26:19.020713 #13547] DEBUG -- : Wordlist Checksum Class() - has completed
D, [2017-09-29T14:26:19.024799 #13551] DEBUG -- : Wordlist Checksum Class() - has started
D, [2017-09-29T14:26:19.029305 #13551] DEBUG -- : Wordlist Checksum Class() - has completed
D, [2017-09-29T14:26:24.038177 #13572] DEBUG -- : Wordlist Checksum Class() - has started
D, [2017-09-29T14:26:24.044831 #13572] DEBUG -- : Wordlist Checksum Class() - has completed
D, [2017-09-29T14:26:35.244402 #13611] DEBUG -- : Wordlist Checksum Class() - has started
D, [2017-09-29T14:26:35.249859 #13611] DEBUG -- : Wordlist Checksum Class() - has completed
D, [2017-09-29T14:26:35.255515 #13615] DEBUG -- : Wordlist Checksum Class() - has started
D, [2017-09-29T14:26:35.261575 #13615] DEBUG -- : Wordlist Checksum Class() - has completed
D, [2017-09-29T14:26:35.266299 #13619] DEBUG -- : Wordlist Checksum Class() - has started
D, [2017-09-29T14:26:35.272608 #13619] DEBUG -- : Wordlist Checksum Class() - has completed
D, [2017-09-29T14:26:40.307120 #13660] DEBUG -- : Wordlist Checksum Class() - has started
I, [2017-09-29T14:26:40.317360 #13660]  INFO -- : generating checksum for: control/wordlists/SmartWordlist.txt
D, [2017-09-29T14:26:41.951218 #13660] DEBUG -- : Wordlist Checksum Class() - has completed
D, [2017-09-29T14:26:54.022933 #13702] DEBUG -- : Wordlist Checksum Class() - has started
D, [2017-09-29T14:26:54.036088 #13702] DEBUG -- : Wordlist Checksum Class() - has completed
D, [2017-09-29T14:26:54.260849 #13710] DEBUG -- : Wordlist Checksum Class() - has started
D, [2017-09-29T14:26:54.281229 #13710] DEBUG -- : Wordlist Checksum Class() - has completed
D, [2017-09-29T14:26:54.297518 #13714] DEBUG -- : Wordlist Checksum Class() - has started
D, [2017-09-29T14:26:54.323021 #13714] DEBUG -- : Wordlist Checksum Class() - has completed
D, [2017-09-29T14:26:55.189990 #13718] DEBUG -- : Wordlist Checksum Class() - has started
D, [2017-09-29T14:26:55.196154 #13718] DEBUG -- : Wordlist Checksum Class() - has completed
D, [2017-09-29T14:26:59.183376 #13731] DEBUG -- : Wordlist Checksum Class() - has started
D, [2017-09-29T14:26:59.193255 #13731] DEBUG -- : Wordlist Checksum Class() - has completed
D, [2017-09-29T14:27:02.773678 #13744] DEBUG -- : Wordlist Checksum Class() - has started
D, [2017-09-29T14:27:02.782276 #13744] DEBUG -- : Wordlist Checksum Class() - has completed
D, [2017-09-29T14:27:02.795435 #13748] DEBUG -- : Wordlist Checksum Class() - has started
D, [2017-09-29T14:27:02.801369 #13748] DEBUG -- : Wordlist Checksum Class() - has completed
D, [2017-09-29T14:27:09.198954 #13759] DEBUG -- : Wordlist Checksum Class() - has started
D, [2017-09-29T14:27:09.203280 #13759] DEBUG -- : Wordlist Checksum Class() - has completed
D, [2017-09-29T14:27:11.865687 #13770] DEBUG -- : Wordlist Checksum Class() - has started
D, [2017-09-29T14:27:11.870327 #13770] DEBUG -- : Wordlist Checksum Class() - has completed
D, [2017-09-29T14:27:13.989255 #13778] DEBUG -- : Wordlist Checksum Class() - has started
D, [2017-09-29T14:27:13.994536 #13778] DEBUG -- : Wordlist Checksum Class() - has completed
D, [2017-09-29T14:27:13.999993 #13782] DEBUG -- : Wordlist Checksum Class() - has started
D, [2017-09-29T14:27:14.008171 #13782] DEBUG -- : Wordlist Checksum Class() - has completed
D, [2017-09-29T14:27:19.017909 #13816] DEBUG -- : Wordlist Checksum Class() - has started
D, [2017-09-29T14:27:19.022697 #13816] DEBUG -- : Wordlist Checksum Class() - has completed
D, [2017-09-29T14:27:25.092337 #13827] DEBUG -- : Wordlist Checksum Class() - has started
D, [2017-09-29T14:27:25.097830 #13827] DEBUG -- : Wordlist Checksum Class() - has completed
D, [2017-09-29T14:27:34.403897 #13850] DEBUG -- : Wordlist Checksum Class() - has started
D, [2017-09-29T14:27:34.413272 #13850] DEBUG -- : Wordlist Checksum Class() - has completed
D, [2017-09-29T14:27:34.422217 #13854] DEBUG -- : Wordlist Checksum Class() - has started
D, [2017-09-29T14:27:34.428238 #13854] DEBUG -- : Wordlist Checksum Class() - has completed
D, [2017-09-29T14:27:40.132825 #13875] DEBUG -- : Wordlist Checksum Class() - has started
D, [2017-09-29T14:27:40.446531 #13875] DEBUG -- : Wordlist Checksum Class() - has completed
D, [2017-09-29T14:27:40.509760 #13880] DEBUG -- : Wordlist Checksum Class() - has started
D, [2017-09-29T14:27:40.550776 #13880] DEBUG -- : Wordlist Checksum Class() - has completed
D, [2017-09-29T14:27:50.477466 #13921] DEBUG -- : Wordlist Checksum Class() - has started
D, [2017-09-29T14:27:50.566288 #13921] DEBUG -- : Wordlist Checksum Class() - has completed
D, [2017-09-29T14:27:52.754908 #13934] DEBUG -- : Wordlist Checksum Class() - has started
D, [2017-09-29T14:27:52.762271 #13934] DEBUG -- : Wordlist Checksum Class() - has completed
D, [2017-09-29T14:27:54.300951 #13939] DEBUG -- : Wordlist Checksum Class() - has started
D, [2017-09-29T14:27:54.306714 #13939] DEBUG -- : Wordlist Checksum Class() - has completed
D, [2017-09-29T14:27:59.687456 #13954] DEBUG -- : Wordlist Checksum Class() - has started
I, [2017-09-29T14:27:59.694294 #13954]  INFO -- : generating checksum for: control/wordlists/SmartWordlist.txt
D, [2017-09-29T14:28:00.753101 #13954] DEBUG -- : Wordlist Checksum Class() - has completed
D, [2017-09-29T14:28:05.575537 #13965] DEBUG -- : Wordlist Checksum Class() - has started
D, [2017-09-29T14:28:05.581231 #13965] DEBUG -- : Wordlist Checksum Class() - has completed
D, [2017-09-29T14:28:08.164932 #13977] DEBUG -- : Wordlist Checksum Class() - has started
D, [2017-09-29T14:28:08.174469 #13977] DEBUG -- : Wordlist Checksum Class() - has completed
D, [2017-09-29T14:28:08.178601 #13981] DEBUG -- : Wordlist Checksum Class() - has started
D, [2017-09-29T14:28:08.194167 #13981] DEBUG -- : Wordlist Checksum Class() - has completed
D, [2017-09-29T14:28:08.211864 #13985] DEBUG -- : Wordlist Checksum Class() - has started
D, [2017-09-29T14:28:08.218349 #13985] DEBUG -- : Wordlist Checksum Class() - has completed
D, [2017-09-29T14:28:14.400735 #14009] DEBUG -- : Wordlist Checksum Class() - has started
D, [2017-09-29T14:28:14.404673 #14009] DEBUG -- : Wordlist Checksum Class() - has completed
D, [2017-09-29T14:28:24.426526 #14058] DEBUG -- : Wordlist Checksum Class() - has started
D, [2017-09-29T14:28:24.431275 #14058] DEBUG -- : Wordlist Checksum Class() - has completed
D, [2017-09-29T14:28:24.438215 #14062] DEBUG -- : Wordlist Checksum Class() - has started
D, [2017-09-29T14:28:24.444654 #14062] DEBUG -- : Wordlist Checksum Class() - has completed
D, [2017-09-29T14:28:30.572684 #14078] DEBUG -- : Wordlist Checksum Class() - has started
D, [2017-09-29T14:28:30.577840 #14078] DEBUG -- : Wordlist Checksum Class() - has completed
D, [2017-09-29T14:28:35.578753 #14101] DEBUG -- : Wordlist Checksum Class() - has started
D, [2017-09-29T14:28:35.596270 #14101] DEBUG -- : Wordlist Checksum Class() - has completed
D, [2017-09-29T14:28:35.597457 #14105] DEBUG -- : Wordlist Checksum Class() - has started
D, [2017-09-29T14:28:35.613844 #14107] DEBUG -- : Wordlist Checksum Class() - has started
D, [2017-09-29T14:28:35.615862 #14105] DEBUG -- : Wordlist Checksum Class() - has completed
D, [2017-09-29T14:28:35.663255 #14107] DEBUG -- : Wordlist Checksum Class() - has completed
D, [2017-09-29T14:28:40.632088 #14134] DEBUG -- : Wordlist Checksum Class() - has started
D, [2017-09-29T14:28:40.636874 #14134] DEBUG -- : Wordlist Checksum Class() - has completed
D, [2017-09-29T14:28:48.038804 #14181] DEBUG -- : Wordlist Checksum Class() - has started
D, [2017-09-29T14:28:48.054106 #14181] DEBUG -- : Wordlist Checksum Class() - has completed
D, [2017-09-29T14:28:54.630917 #14216] DEBUG -- : Wordlist Checksum Class() - has started
D, [2017-09-29T14:28:54.646356 #14216] DEBUG -- : Wordlist Checksum Class() - has completed
D, [2017-09-29T14:28:54.676509 #14220] DEBUG -- : Wordlist Checksum Class() - has started
D, [2017-09-29T14:28:54.726670 #14220] DEBUG -- : Wordlist Checksum Class() - has completed
D, [2017-09-29T14:28:54.741812 #14224] DEBUG -- : Wordlist Checksum Class() - has started
D, [2017-09-29T14:28:54.759189 #14224] DEBUG -- : Wordlist Checksum Class() - has completed
D, [2017-09-29T14:28:55.726871 #14235] DEBUG -- : Wordlist Checksum Class() - has started
D, [2017-09-29T14:28:55.762791 #14235] DEBUG -- : Wordlist Checksum Class() - has completed
D, [2017-09-29T14:29:04.441313 #14251] DEBUG -- : Wordlist Checksum Class() - has started
I, [2017-09-29T14:29:04.447664 #14251]  INFO -- : generating checksum for: control/wordlists/SmartWordlist.txt
D, [2017-09-29T14:29:04.450073 #14251] DEBUG -- : Wordlist Checksum Class() - has completed
D, [2017-09-29T14:29:05.015360 #14256] DEBUG -- : Wordlist Checksum Class() - has started
D, [2017-09-29T14:29:05.022174 #14256] DEBUG -- : Wordlist Checksum Class() - has completed
D, [2017-09-29T14:29:14.766480 #14276] DEBUG -- : Wordlist Checksum Class() - has started
D, [2017-09-29T14:29:14.771409 #14276] DEBUG -- : Wordlist Checksum Class() - has completed
D, [2017-09-29T14:29:14.775194 #14280] DEBUG -- : Wordlist Checksum Class() - has started
D, [2017-09-29T14:29:14.779840 #14280] DEBUG -- : Wordlist Checksum Class() - has completed
D, [2017-09-29T14:29:19.824194 #14292] DEBUG -- : Wordlist Checksum Class() - has started
D, [2017-09-29T14:29:19.829257 #14292] DEBUG -- : Wordlist Checksum Class() - has completed
D, [2017-09-29T14:29:24.833818 #14327] DEBUG -- : Wordlist Checksum Class() - has started
D, [2017-09-29T14:29:24.838636 #14327] DEBUG -- : Wordlist Checksum Class() - has completed
D, [2017-09-29T14:29:32.853261 #14350] DEBUG -- : Wordlist Checksum Class() - has started
D, [2017-09-29T14:29:32.868653 #14350] DEBUG -- : Wordlist Checksum Class() - has completed
D, [2017-09-29T14:29:32.882795 #14354] DEBUG -- : Wordlist Checksum Class() - has started
D, [2017-09-29T14:29:32.912433 #14354] DEBUG -- : Wordlist Checksum Class() - has completed
D, [2017-09-29T14:29:35.022993 #14359] DEBUG -- : Wordlist Checksum Class() - has started
D, [2017-09-29T14:29:35.072672 #14359] DEBUG -- : Wordlist Checksum Class() - has completed
D, [2017-09-29T14:29:37.936118 #14381] DEBUG -- : Wordlist Checksum Class() - has started
D, [2017-09-29T14:29:37.949924 #14381] DEBUG -- : Wordlist Checksum Class() - has completed
D, [2017-09-29T14:29:37.966745 #14385] DEBUG -- : Wordlist Checksum Class() - has started
D, [2017-09-29T14:29:37.979907 #14385] DEBUG -- : Wordlist Checksum Class() - has completed
